2019-12-21 16:20:10.126  INFO 24248 --- [restartedMain] cn.edu.tit.forum.ForumApplication        : Starting ForumApplication on DESKTOP-3QUHG5I with PID 24248 (C:\IDEAWorkspace\forum\target\classes started by 李创博 in C:\IDEAWorkspace\forum)
2019-12-21 16:20:10.128  INFO 24248 --- [restartedMain] cn.edu.tit.forum.ForumApplication        : No active profile set, falling back to default profiles: default
2019-12-21 16:20:10.135  INFO 24248 --- [restartedMain] ConfigServletWebServerApplicationContext : Refreshing org.springframework.boot.web.servlet.context.AnnotationConfigServletWebServerApplicationContext@48af09d7: startup date [Sat Dec 21 16:20:10 AWST 2019]; root of context hierarchy
2019-12-21 16:20:10.955  INFO 24248 --- [restartedMain] o.s.b.w.embedded.tomcat.TomcatWebServer  : Tomcat initialized with port(s): 8080 (http)
2019-12-21 16:20:10.957  INFO 24248 --- [restartedMain] o.apache.catalina.core.StandardService   : Starting service [Tomcat]
2019-12-21 16:20:10.957  INFO 24248 --- [restartedMain] org.apache.catalina.core.StandardEngine  : Starting Servlet Engine: Apache Tomcat/8.5.29
2019-12-21 16:20:11.002  INFO 24248 --- [localhost-startStop-1] o.a.c.c.C.[Tomcat].[localhost].[/]       : Initializing Spring embedded WebApplicationContext
2019-12-21 16:20:11.003  INFO 24248 --- [localhost-startStop-1] o.s.web.context.ContextLoader            : Root WebApplicationContext: initialization completed in 868 ms
2019-12-21 16:20:11.066  INFO 24248 --- [localhost-startStop-1] o.s.b.w.servlet.ServletRegistrationBean  : Servlet dispatcherServlet mapped to [/]
2019-12-21 16:20:11.066  INFO 24248 --- [localhost-startStop-1] o.s.b.w.servlet.FilterRegistrationBean   : Mapping filter: 'characterEncodingFilter' to: [/*]
2019-12-21 16:20:11.066  INFO 24248 --- [localhost-startStop-1] o.s.b.w.servlet.FilterRegistrationBean   : Mapping filter: 'hiddenHttpMethodFilter' to: [/*]
2019-12-21 16:20:11.067  INFO 24248 --- [localhost-startStop-1] o.s.b.w.servlet.FilterRegistrationBean   : Mapping filter: 'httpPutFormContentFilter' to: [/*]
2019-12-21 16:20:11.067  INFO 24248 --- [localhost-startStop-1] o.s.b.w.servlet.FilterRegistrationBean   : Mapping filter: 'requestContextFilter' to: [/*]
2019-12-21 16:20:11.345  INFO 24248 --- [restartedMain] o.s.w.s.handler.SimpleUrlHandlerMapping  : Mapped URL path [/**/favicon.ico] onto handler of type [class org.springframework.web.servlet.resource.ResourceHttpRequestHandler]
2019-12-21 16:20:11.402  INFO 24248 --- [restartedMain] s.w.s.m.m.a.RequestMappingHandlerAdapter : Looking for @ControllerAdvice: org.springframework.boot.web.servlet.context.AnnotationConfigServletWebServerApplicationContext@48af09d7: startup date [Sat Dec 21 16:20:10 AWST 2019]; root of context hierarchy
2019-12-21 16:20:11.410  INFO 24248 --- [restartedMain] s.w.s.m.m.a.RequestMappingHandlerMapping : Mapped "{[/callback],methods=[GET]}" onto public java.lang.String cn.edu.tit.forum.controller.AuthorizeController.callback(java.lang.String,java.lang.String,javax.servlet.http.HttpServletResponse)
2019-12-21 16:20:11.410  INFO 24248 --- [restartedMain] s.w.s.m.m.a.RequestMappingHandlerMapping : Mapped "{[/logout],methods=[GET]}" onto public java.lang.String cn.edu.tit.forum.controller.AuthorizeController.logout(javax.servlet.http.HttpServletRequest,javax.servlet.http.HttpServletResponse)
2019-12-21 16:20:11.411  INFO 24248 --- [restartedMain] s.w.s.m.m.a.RequestMappingHandlerMapping : Mapped "{[/comment/{id}],methods=[GET]}" onto public cn.edu.tit.forum.dto.ResultDTO cn.edu.tit.forum.controller.CommentController.comments(java.lang.Long)
2019-12-21 16:20:11.411  INFO 24248 --- [restartedMain] s.w.s.m.m.a.RequestMappingHandlerMapping : Mapped "{[/comment],methods=[POST]}" onto public java.lang.Object cn.edu.tit.forum.controller.CommentController.post(cn.edu.tit.forum.dto.CommentCreateDTO,javax.servlet.http.HttpServletRequest)
2019-12-21 16:20:11.411  INFO 24248 --- [restartedMain] s.w.s.m.m.a.RequestMappingHandlerMapping : Mapped "{[/error],produces=[text/html]}" onto public org.springframework.web.servlet.ModelAndView cn.edu.tit.forum.controller.CustomizeErrorController.errorHtml(javax.servlet.http.HttpServletRequest,org.springframework.ui.Model)
2019-12-21 16:20:11.411  INFO 24248 --- [restartedMain] s.w.s.m.m.a.RequestMappingHandlerMapping : Mapped "{[/file/upload]}" onto public cn.edu.tit.forum.dto.FileDTO cn.edu.tit.forum.controller.FileController.upload(javax.servlet.http.HttpServletRequest)
2019-12-21 16:20:11.412  INFO 24248 --- [restartedMain] s.w.s.m.m.a.RequestMappingHandlerMapping : Mapped "{[/],methods=[GET]}" onto public java.lang.String cn.edu.tit.forum.controller.IndexController.index(org.springframework.ui.Model,java.lang.Integer,java.lang.Integer,java.lang.String)
2019-12-21 16:20:11.415  INFO 24248 --- [restartedMain] s.w.s.m.m.a.RequestMappingHandlerMapping : Mapped "{[/notify/{id}],methods=[GET]}" onto public java.lang.String cn.edu.tit.forum.controller.NotifyController.notify(javax.servlet.http.HttpServletRequest,java.lang.Long)
2019-12-21 16:20:11.416  INFO 24248 --- [restartedMain] s.w.s.m.m.a.RequestMappingHandlerMapping : Mapped "{[/profile/{action}],methods=[GET]}" onto public java.lang.String cn.edu.tit.forum.controller.ProfileController.profile(java.lang.String,org.springframework.ui.Model,javax.servlet.http.HttpServletRequest,java.lang.Integer,java.lang.Integer)
2019-12-21 16:20:11.419  INFO 24248 --- [restartedMain] s.w.s.m.m.a.RequestMappingHandlerMapping : Mapped "{[/publish],methods=[GET]}" onto public java.lang.String cn.edu.tit.forum.controller.PublishController.publish(org.springframework.ui.Model)
2019-12-21 16:20:11.419  INFO 24248 --- [restartedMain] s.w.s.m.m.a.RequestMappingHandlerMapping : Mapped "{[/publish],methods=[POST]}" onto public java.lang.String cn.edu.tit.forum.controller.PublishController.doPublish(java.lang.String,java.lang.String,java.lang.String,java.lang.Long,javax.servlet.http.HttpServletRequest,org.springframework.ui.Model)
2019-12-21 16:20:11.419  INFO 24248 --- [restartedMain] s.w.s.m.m.a.RequestMappingHandlerMapping : Mapped "{[/publish/{id}],methods=[GET]}" onto public java.lang.String cn.edu.tit.forum.controller.PublishController.edit(java.lang.Long,org.springframework.ui.Model)
2019-12-21 16:20:11.421  INFO 24248 --- [restartedMain] s.w.s.m.m.a.RequestMappingHandlerMapping : Mapped "{[/question/{id}],methods=[GET]}" onto public java.lang.String cn.edu.tit.forum.controller.QuestionController.question(java.lang.Long,org.springframework.ui.Model)
2019-12-21 16:20:11.431  INFO 24248 --- [restartedMain] o.s.w.s.h.BeanNameUrlHandlerMapping      : Mapped URL path [/error] onto handler '/error'
2019-12-21 16:20:11.434  INFO 24248 --- [restartedMain] o.s.w.s.handler.SimpleUrlHandlerMapping  : Mapped URL path [/webjars/**] onto handler of type [class org.springframework.web.servlet.resource.ResourceHttpRequestHandler]
2019-12-21 16:20:11.434  INFO 24248 --- [restartedMain] o.s.w.s.handler.SimpleUrlHandlerMapping  : Mapped URL path [/**] onto handler of type [class org.springframework.web.servlet.resource.ResourceHttpRequestHandler]
2019-12-21 16:20:11.440  INFO 24248 --- [restartedMain] .m.m.a.ExceptionHandlerExceptionResolver : Detected @ExceptionHandler methods in customizeExceptionHandler
2019-12-21 16:20:11.459  INFO 24248 --- [restartedMain] o.s.b.a.w.s.WelcomePageHandlerMapping    : Adding welcome page template: index
2019-12-21 16:20:12.248  INFO 24248 --- [restartedMain] o.s.b.d.a.OptionalLiveReloadServer       : LiveReload server is running on port 35729
2019-12-21 16:20:12.271  INFO 24248 --- [restartedMain] o.s.j.e.a.AnnotationMBeanExporter        : Registering beans for JMX exposure on startup
2019-12-21 16:20:12.272  INFO 24248 --- [restartedMain] o.s.j.e.a.AnnotationMBeanExporter        : Bean with name 'dataSource' has been autodetected for JMX exposure
2019-12-21 16:20:12.277  INFO 24248 --- [restartedMain] o.s.j.e.a.AnnotationMBeanExporter        : Located MBean 'dataSource': registering with JMX server as MBean [com.zaxxer.hikari:name=dataSource,type=HikariDataSource]
2019-12-21 16:20:12.292  INFO 24248 --- [restartedMain] o.s.b.w.embedded.tomcat.TomcatWebServer  : Tomcat started on port(s): 8080 (http) with context path ''
2019-12-21 16:20:12.294  INFO 24248 --- [restartedMain] cn.edu.tit.forum.ForumApplication        : Started ForumApplication in 2.263 seconds (JVM running for 718.471)
2019-12-21 16:20:12.300  INFO 24248 --- [restartedMain] .ConditionEvaluationDeltaLoggingListener : Condition evaluation unchanged
2019-12-21 16:20:50.618  INFO 24248 --- [Thread-9] ConfigServletWebServerApplicationContext : Closing org.springframework.boot.web.servlet.context.AnnotationConfigServletWebServerApplicationContext@48af09d7: startup date [Sat Dec 21 16:20:10 AWST 2019]; root of context hierarchy
2019-12-21 16:20:50.620  INFO 24248 --- [Thread-9] o.s.j.e.a.AnnotationMBeanExporter        : Unregistering JMX-exposed beans on shutdown
2019-12-21 16:20:50.621  INFO 24248 --- [Thread-9] o.s.j.e.a.AnnotationMBeanExporter        : Unregistering JMX-exposed beans
