2019-12-22 14:18:00.202  INFO 17648 --- [restartedMain] cn.edu.tit.forum.ForumApplication        : Starting ForumApplication on DESKTOP-3QUHG5I with PID 17648 (C:\IDEAWorkspace\forum\target\classes started by 李创博 in C:\IDEAWorkspace\forum)
2019-12-22 14:18:00.212  INFO 17648 --- [restartedMain] cn.edu.tit.forum.ForumApplication        : No active profile set, falling back to default profiles: default
2019-12-22 14:18:00.383  INFO 17648 --- [restartedMain] ConfigServletWebServerApplicationContext : Refreshing org.springframework.boot.web.servlet.context.AnnotationConfigServletWebServerApplicationContext@622a4a66: startup date [Sun Dec 22 14:18:00 AWST 2019]; root of context hierarchy
2019-12-22 14:18:04.477  INFO 17648 --- [restartedMain] o.s.b.w.embedded.tomcat.TomcatWebServer  : Tomcat initialized with port(s): 80 (http)
2019-12-22 14:18:04.522  INFO 17648 --- [restartedMain] o.apache.catalina.core.StandardService   : Starting service [Tomcat]
2019-12-22 14:18:04.523  INFO 17648 --- [restartedMain] org.apache.catalina.core.StandardEngine  : Starting Servlet Engine: Apache Tomcat/8.5.29
2019-12-22 14:18:04.531  INFO 17648 --- [localhost-startStop-1] o.a.catalina.core.AprLifecycleListener   : The APR based Apache Tomcat Native library which allows optimal performance in production environments was not found on the java.library.path: [C:\Program Files\Java\jdk-9.0.4\bin;C:\WINDOWS\Sun\Java\bin;C:\WINDOWS\system32;C:\WINDOWS;C:\ProgramData\Oracle\Java\javapath;C:\Program Files (x86)\Common Files\Oracle\Java\javapath;C:\Program Files (x86)\NetSarang\Xftp 6\;C:\Program Files (x86)\NetSarang\Xshell 6\;C:\app\soft\product\11.2.0\dbhome_1\bin;C:\app\李创博\product\11.2.0\dbhome_3\bin;app\李创博\product\11.2.0\dbhome_1\bin;ProgramData\Oracle\Java\javapath;C:\Program Files (x86)\Intel\Intel(R) Management Engine Components\iCLS\;C:\Program Files\Intel\Intel(R) Management Engine Components\iCLS\;C:\windows\system32;C:\windows;C:\windows\System32\Wbem;C:\windows\System32\WindowsPowerShell\v1.0\;C:\Program Files (x86)\NVIDIA Corporation\PhysX\Common;C:\Program Files\Java\jdk-9.0.4\bin;C:\WINDOWS\system32;C:\WINDOWS;C:\WINDOWS\System32\Wbem;C:\WINDOWS\System32\WindowsPowerShell\v1.0\;C:\WINDOWS\System32\OpenSSH\;C:\Program Files\Common Files\Autodesk Shared\;C:\Program Files (x86)\Autodesk\Backburner\;C:\Program Files (x86)\Intel\Intel(R) Management Engine Components\DAL;C:\Program Files\Intel\Intel(R) Management Engine Components\DAL;C:\Program Files (x86)\Intel\Intel(R) Management Engine Components\IPT;C:\Program Files\Intel\Intel(R) Management Engine Components\IPT;rogram Files\MySQL\MySQL Utilities 1.6\;VEN_HOME%\bin;Program Files (x86)\GtkSharp\2.12\bin;C:\Program Files\dotnet\;C:\Program Files\Git\cmd;C:\Users\李创博\AppData\Local\Pandoc;C:\Program Files\Intel\WiFi\bin\;C:\Program Files\Common Files\Intel\WirelessCommon\;C:\Program Files\nodejs\;C:\Program Files\nodejs\node_global;C:\soft\apache-maven-3.5.2\bin;C:\Program Files\Java\jdk1.8.0_221\bin;C:\soft\python3.7\Scripts\;C:\soft\python3.7\;C:\Users\李创博\AppData\Local\Microsoft\WindowsApps;C:\Program Files\Java\jdk1.8.0_144\bin;C:\Program Files\Java\jdk-9.0.4\bin;C:\Users\李创博\maven\apache-maven-3.6.0-bin\apache-maven-3.6.0\bin;C:\Program Files\JetBrains\PyCharm Community Edition 2018.3.5\bin;;;C:\soft\Fidder\Fiddler;C:\Program Files\JetBrains\PyCharm 2019.1.1\bin;;C:\Users\李创博\AppData\Local\Pandoc\;C:\soft\Microsoft VS Code\bin;C:\Users\李创博\AppData\Roaming\npm;.]
2019-12-22 14:18:04.789  INFO 17648 --- [localhost-startStop-1] o.a.c.c.C.[Tomcat].[localhost].[/]       : Initializing Spring embedded WebApplicationContext
2019-12-22 14:18:04.789  INFO 17648 --- [localhost-startStop-1] o.s.web.context.ContextLoader            : Root WebApplicationContext: initialization completed in 4406 ms
2019-12-22 14:18:04.976  INFO 17648 --- [localhost-startStop-1] o.s.b.w.servlet.ServletRegistrationBean  : Servlet dispatcherServlet mapped to [/]
2019-12-22 14:18:04.983  INFO 17648 --- [localhost-startStop-1] o.s.b.w.servlet.FilterRegistrationBean   : Mapping filter: 'characterEncodingFilter' to: [/*]
2019-12-22 14:18:04.984  INFO 17648 --- [localhost-startStop-1] o.s.b.w.servlet.FilterRegistrationBean   : Mapping filter: 'hiddenHttpMethodFilter' to: [/*]
2019-12-22 14:18:04.984  INFO 17648 --- [localhost-startStop-1] o.s.b.w.servlet.FilterRegistrationBean   : Mapping filter: 'httpPutFormContentFilter' to: [/*]
2019-12-22 14:18:04.984  INFO 17648 --- [localhost-startStop-1] o.s.b.w.servlet.FilterRegistrationBean   : Mapping filter: 'requestContextFilter' to: [/*]
2019-12-22 14:18:05.712  INFO 17648 --- [restartedMain] o.s.w.s.handler.SimpleUrlHandlerMapping  : Mapped URL path [/**/favicon.ico] onto handler of type [class org.springframework.web.servlet.resource.ResourceHttpRequestHandler]
2019-12-22 14:18:05.921  INFO 17648 --- [restartedMain] s.w.s.m.m.a.RequestMappingHandlerAdapter : Looking for @ControllerAdvice: org.springframework.boot.web.servlet.context.AnnotationConfigServletWebServerApplicationContext@622a4a66: startup date [Sun Dec 22 14:18:00 AWST 2019]; root of context hierarchy
2019-12-22 14:18:05.986  INFO 17648 --- [restartedMain] s.w.s.m.m.a.RequestMappingHandlerMapping : Mapped "{[/logout],methods=[GET]}" onto public java.lang.String cn.edu.tit.forum.controller.AuthorizeController.logout(javax.servlet.http.HttpServletRequest,javax.servlet.http.HttpServletResponse)
2019-12-22 14:18:05.987  INFO 17648 --- [restartedMain] s.w.s.m.m.a.RequestMappingHandlerMapping : Mapped "{[/callback],methods=[GET]}" onto public java.lang.String cn.edu.tit.forum.controller.AuthorizeController.callback(java.lang.String,java.lang.String,javax.servlet.http.HttpServletResponse)
2019-12-22 14:18:05.988  INFO 17648 --- [restartedMain] s.w.s.m.m.a.RequestMappingHandlerMapping : Mapped "{[/comment/{id}],methods=[GET]}" onto public cn.edu.tit.forum.dto.ResultDTO cn.edu.tit.forum.controller.CommentController.comments(java.lang.Long)
2019-12-22 14:18:05.989  INFO 17648 --- [restartedMain] s.w.s.m.m.a.RequestMappingHandlerMapping : Mapped "{[/comment],methods=[POST]}" onto public java.lang.Object cn.edu.tit.forum.controller.CommentController.post(cn.edu.tit.forum.dto.CommentCreateDTO,javax.servlet.http.HttpServletRequest)
2019-12-22 14:18:05.990  INFO 17648 --- [restartedMain] s.w.s.m.m.a.RequestMappingHandlerMapping : Mapped "{[/error],produces=[text/html]}" onto public org.springframework.web.servlet.ModelAndView cn.edu.tit.forum.controller.CustomizeErrorController.errorHtml(javax.servlet.http.HttpServletRequest,org.springframework.ui.Model)
2019-12-22 14:18:05.991  INFO 17648 --- [restartedMain] s.w.s.m.m.a.RequestMappingHandlerMapping : Mapped "{[/file/upload]}" onto public cn.edu.tit.forum.dto.FileDTO cn.edu.tit.forum.controller.FileController.upload(javax.servlet.http.HttpServletRequest)
2019-12-22 14:18:05.991  INFO 17648 --- [restartedMain] s.w.s.m.m.a.RequestMappingHandlerMapping : Mapped "{[/],methods=[GET]}" onto public java.lang.String cn.edu.tit.forum.controller.IndexController.index(org.springframework.ui.Model,java.lang.Integer,java.lang.Integer,java.lang.String)
2019-12-22 14:18:05.991  INFO 17648 --- [restartedMain] s.w.s.m.m.a.RequestMappingHandlerMapping : Mapped "{[/notify/{id}],methods=[GET]}" onto public java.lang.String cn.edu.tit.forum.controller.NotifyController.notify(javax.servlet.http.HttpServletRequest,java.lang.Long)
2019-12-22 14:18:05.992  INFO 17648 --- [restartedMain] s.w.s.m.m.a.RequestMappingHandlerMapping : Mapped "{[/profile/{action}],methods=[GET]}" onto public java.lang.String cn.edu.tit.forum.controller.ProfileController.profile(java.lang.String,org.springframework.ui.Model,javax.servlet.http.HttpServletRequest,java.lang.Integer,java.lang.Integer)
2019-12-22 14:18:05.994  INFO 17648 --- [restartedMain] s.w.s.m.m.a.RequestMappingHandlerMapping : Mapped "{[/publish],methods=[GET]}" onto public java.lang.String cn.edu.tit.forum.controller.PublishController.publish(org.springframework.ui.Model)
2019-12-22 14:18:05.995  INFO 17648 --- [restartedMain] s.w.s.m.m.a.RequestMappingHandlerMapping : Mapped "{[/publish],methods=[POST]}" onto public java.lang.String cn.edu.tit.forum.controller.PublishController.doPublish(java.lang.String,java.lang.String,java.lang.String,java.lang.Long,javax.servlet.http.HttpServletRequest,org.springframework.ui.Model)
2019-12-22 14:18:05.995  INFO 17648 --- [restartedMain] s.w.s.m.m.a.RequestMappingHandlerMapping : Mapped "{[/publish/{id}],methods=[GET]}" onto public java.lang.String cn.edu.tit.forum.controller.PublishController.edit(java.lang.Long,org.springframework.ui.Model)
2019-12-22 14:18:05.996  INFO 17648 --- [restartedMain] s.w.s.m.m.a.RequestMappingHandlerMapping : Mapped "{[/question/{id}],methods=[GET]}" onto public java.lang.String cn.edu.tit.forum.controller.QuestionController.question(java.lang.Long,org.springframework.ui.Model)
2019-12-22 14:18:06.019  INFO 17648 --- [restartedMain] o.s.w.s.h.BeanNameUrlHandlerMapping      : Mapped URL path [/error] onto handler '/error'
2019-12-22 14:18:06.024  INFO 17648 --- [restartedMain] o.s.w.s.handler.SimpleUrlHandlerMapping  : Mapped URL path [/webjars/**] onto handler of type [class org.springframework.web.servlet.resource.ResourceHttpRequestHandler]
2019-12-22 14:18:06.025  INFO 17648 --- [restartedMain] o.s.w.s.handler.SimpleUrlHandlerMapping  : Mapped URL path [/**] onto handler of type [class org.springframework.web.servlet.resource.ResourceHttpRequestHandler]
2019-12-22 14:18:06.040  INFO 17648 --- [restartedMain] .m.m.a.ExceptionHandlerExceptionResolver : Detected @ExceptionHandler methods in customizeExceptionHandler
2019-12-22 14:18:06.153  INFO 17648 --- [restartedMain] o.s.b.a.w.s.WelcomePageHandlerMapping    : Adding welcome page template: index
2019-12-22 14:18:07.143  INFO 17648 --- [restartedMain] o.s.b.d.a.OptionalLiveReloadServer       : LiveReload server is running on port 35729
2019-12-22 14:18:07.173  INFO 17648 --- [restartedMain] o.s.j.e.a.AnnotationMBeanExporter        : Registering beans for JMX exposure on startup
2019-12-22 14:18:07.174  INFO 17648 --- [restartedMain] o.s.j.e.a.AnnotationMBeanExporter        : Bean with name 'dataSource' has been autodetected for JMX exposure
2019-12-22 14:18:07.180  INFO 17648 --- [restartedMain] o.s.j.e.a.AnnotationMBeanExporter        : Located MBean 'dataSource': registering with JMX server as MBean [com.zaxxer.hikari:name=dataSource,type=HikariDataSource]
2019-12-22 14:18:07.201 ERROR 17648 --- [restartedMain] o.apache.catalina.core.StandardService   : Failed to start connector [Connector[HTTP/1.1-80]]

org.apache.catalina.LifecycleException: Failed to start component [Connector[HTTP/1.1-80]]
	at org.apache.catalina.util.LifecycleBase.start(LifecycleBase.java:167) ~[tomcat-embed-core-8.5.29.jar:8.5.29]
	at org.apache.catalina.core.StandardService.addConnector(StandardService.java:225) ~[tomcat-embed-core-8.5.29.jar:8.5.29]
	at org.springframework.boot.web.embedded.tomcat.TomcatWebServer.addPreviouslyRemovedConnectors(TomcatWebServer.java:256) [spring-boot-2.0.1.RELEASE.jar:2.0.1.RELEASE]
	at org.springframework.boot.web.embedded.tomcat.TomcatWebServer.start(TomcatWebServer.java:198) [spring-boot-2.0.1.RELEASE.jar:2.0.1.RELEASE]
	at org.springframework.boot.web.servlet.context.ServletWebServerApplicationContext.startWebServer(ServletWebServerApplicationContext.java:300) [spring-boot-2.0.1.RELEASE.jar:2.0.1.RELEASE]
	at org.springframework.boot.web.servlet.context.ServletWebServerApplicationContext.finishRefresh(ServletWebServerApplicationContext.java:162) [spring-boot-2.0.1.RELEASE.jar:2.0.1.RELEASE]
	at org.springframework.context.support.AbstractApplicationContext.refresh(AbstractApplicationContext.java:553) [spring-context-5.0.5.RELEASE.jar:5.0.5.RELEASE]
	at org.springframework.boot.web.servlet.context.ServletWebServerApplicationContext.refresh(ServletWebServerApplicationContext.java:140) [spring-boot-2.0.1.RELEASE.jar:2.0.1.RELEASE]
	at org.springframework.boot.SpringApplication.refresh(SpringApplication.java:759) [spring-boot-2.0.1.RELEASE.jar:2.0.1.RELEASE]
	at org.springframework.boot.SpringApplication.refreshContext(SpringApplication.java:395) [spring-boot-2.0.1.RELEASE.jar:2.0.1.RELEASE]
	at org.springframework.boot.SpringApplication.run(SpringApplication.java:327) [spring-boot-2.0.1.RELEASE.jar:2.0.1.RELEASE]
	at org.springframework.boot.SpringApplication.run(SpringApplication.java:1255) [spring-boot-2.0.1.RELEASE.jar:2.0.1.RELEASE]
	at org.springframework.boot.SpringApplication.run(SpringApplication.java:1243) [spring-boot-2.0.1.RELEASE.jar:2.0.1.RELEASE]
	at cn.edu.tit.forum.ForumApplication.main(ForumApplication.java:12) [classes/:na]
	at java.base/jdk.internal.reflect.NativeMethodAccessorImpl.invoke0(Native Method) ~[na:na]
	at java.base/jdk.internal.reflect.NativeMethodAccessorImpl.invoke(NativeMethodAccessorImpl.java:62) ~[na:na]
	at java.base/jdk.internal.reflect.DelegatingMethodAccessorImpl.invoke(DelegatingMethodAccessorImpl.java:43) ~[na:na]
	at java.base/java.lang.reflect.Method.invoke(Method.java:564) ~[na:na]
	at org.springframework.boot.devtools.restart.RestartLauncher.run(RestartLauncher.java:49) [spring-boot-devtools-2.0.1.RELEASE.jar:2.0.1.RELEASE]
Caused by: org.apache.catalina.LifecycleException: Protocol handler start failed
	at org.apache.catalina.connector.Connector.startInternal(Connector.java:1020) ~[tomcat-embed-core-8.5.29.jar:8.5.29]
	at org.apache.catalina.util.LifecycleBase.start(LifecycleBase.java:150) ~[tomcat-embed-core-8.5.29.jar:8.5.29]
	... 18 common frames omitted
Caused by: java.net.BindException: Address already in use: bind
	at java.base/sun.nio.ch.Net.bind0(Native Method) ~[na:na]
	at java.base/sun.nio.ch.Net.bind(Net.java:433) ~[na:na]
	at java.base/sun.nio.ch.Net.bind(Net.java:425) ~[na:na]
	at java.base/sun.nio.ch.ServerSocketChannelImpl.bind(ServerSocketChannelImpl.java:225) ~[na:na]
	at java.base/sun.nio.ch.ServerSocketAdaptor.bind(ServerSocketAdaptor.java:74) ~[na:na]
	at org.apache.tomcat.util.net.NioEndpoint.bind(NioEndpoint.java:210) ~[tomcat-embed-core-8.5.29.jar:8.5.29]
	at org.apache.tomcat.util.net.AbstractEndpoint.start(AbstractEndpoint.java:1150) ~[tomcat-embed-core-8.5.29.jar:8.5.29]
	at org.apache.coyote.AbstractProtocol.start(AbstractProtocol.java:591) ~[tomcat-embed-core-8.5.29.jar:8.5.29]
	at org.apache.catalina.connector.Connector.startInternal(Connector.java:1018) ~[tomcat-embed-core-8.5.29.jar:8.5.29]
	... 19 common frames omitted

2019-12-22 14:18:07.207  INFO 17648 --- [restartedMain] o.apache.catalina.core.StandardService   : Stopping service [Tomcat]
2019-12-22 14:18:07.226  INFO 17648 --- [restartedMain] ConditionEvaluationReportLoggingListener : 

Error starting ApplicationContext. To display the conditions report re-run your application with 'debug' enabled.
2019-12-22 14:18:07.231 ERROR 17648 --- [restartedMain] o.s.b.d.LoggingFailureAnalysisReporter   : 

***************************
APPLICATION FAILED TO START
***************************

Description:

The Tomcat connector configured to listen on port 80 failed to start. The port may already be in use or the connector may be misconfigured.

Action:

Verify the connector's configuration, identify and stop any process that's listening on port 80, or configure this application to listen on another port.

2019-12-22 14:18:07.232  INFO 17648 --- [restartedMain] ConfigServletWebServerApplicationContext : Closing org.springframework.boot.web.servlet.context.AnnotationConfigServletWebServerApplicationContext@622a4a66: startup date [Sun Dec 22 14:18:00 AWST 2019]; root of context hierarchy
2019-12-22 14:18:07.235  INFO 17648 --- [restartedMain] o.s.j.e.a.AnnotationMBeanExporter        : Unregistering JMX-exposed beans on shutdown
2019-12-22 14:18:07.235  INFO 17648 --- [restartedMain] o.s.j.e.a.AnnotationMBeanExporter        : Unregistering JMX-exposed beans
2019-12-22 14:18:35.230  INFO 20572 --- [restartedMain] cn.edu.tit.forum.ForumApplication        : Starting ForumApplication on DESKTOP-3QUHG5I with PID 20572 (C:\IDEAWorkspace\forum\target\classes started by 李创博 in C:\IDEAWorkspace\forum)
2019-12-22 14:18:35.232  INFO 20572 --- [restartedMain] cn.edu.tit.forum.ForumApplication        : No active profile set, falling back to default profiles: default
2019-12-22 14:18:35.353  INFO 20572 --- [restartedMain] ConfigServletWebServerApplicationContext : Refreshing org.springframework.boot.web.servlet.context.AnnotationConfigServletWebServerApplicationContext@4b63330d: startup date [Sun Dec 22 14:18:35 AWST 2019]; root of context hierarchy
2019-12-22 14:18:37.711  INFO 20572 --- [restartedMain] o.s.b.w.embedded.tomcat.TomcatWebServer  : Tomcat initialized with port(s): 80 (http)
2019-12-22 14:18:37.740  INFO 20572 --- [restartedMain] o.apache.catalina.core.StandardService   : Starting service [Tomcat]
2019-12-22 14:18:37.740  INFO 20572 --- [restartedMain] org.apache.catalina.core.StandardEngine  : Starting Servlet Engine: Apache Tomcat/8.5.29
2019-12-22 14:18:37.745  INFO 20572 --- [localhost-startStop-1] o.a.catalina.core.AprLifecycleListener   : The APR based Apache Tomcat Native library which allows optimal performance in production environments was not found on the java.library.path: [C:\Program Files\Java\jdk-9.0.4\bin;C:\WINDOWS\Sun\Java\bin;C:\WINDOWS\system32;C:\WINDOWS;C:\ProgramData\Oracle\Java\javapath;C:\Program Files (x86)\Common Files\Oracle\Java\javapath;C:\Program Files (x86)\NetSarang\Xftp 6\;C:\Program Files (x86)\NetSarang\Xshell 6\;C:\app\soft\product\11.2.0\dbhome_1\bin;C:\app\李创博\product\11.2.0\dbhome_3\bin;app\李创博\product\11.2.0\dbhome_1\bin;ProgramData\Oracle\Java\javapath;C:\Program Files (x86)\Intel\Intel(R) Management Engine Components\iCLS\;C:\Program Files\Intel\Intel(R) Management Engine Components\iCLS\;C:\windows\system32;C:\windows;C:\windows\System32\Wbem;C:\windows\System32\WindowsPowerShell\v1.0\;C:\Program Files (x86)\NVIDIA Corporation\PhysX\Common;C:\Program Files\Java\jdk-9.0.4\bin;C:\WINDOWS\system32;C:\WINDOWS;C:\WINDOWS\System32\Wbem;C:\WINDOWS\System32\WindowsPowerShell\v1.0\;C:\WINDOWS\System32\OpenSSH\;C:\Program Files\Common Files\Autodesk Shared\;C:\Program Files (x86)\Autodesk\Backburner\;C:\Program Files (x86)\Intel\Intel(R) Management Engine Components\DAL;C:\Program Files\Intel\Intel(R) Management Engine Components\DAL;C:\Program Files (x86)\Intel\Intel(R) Management Engine Components\IPT;C:\Program Files\Intel\Intel(R) Management Engine Components\IPT;rogram Files\MySQL\MySQL Utilities 1.6\;VEN_HOME%\bin;Program Files (x86)\GtkSharp\2.12\bin;C:\Program Files\dotnet\;C:\Program Files\Git\cmd;C:\Users\李创博\AppData\Local\Pandoc;C:\Program Files\Intel\WiFi\bin\;C:\Program Files\Common Files\Intel\WirelessCommon\;C:\Program Files\nodejs\;C:\Program Files\nodejs\node_global;C:\soft\apache-maven-3.5.2\bin;C:\Program Files\Java\jdk1.8.0_221\bin;C:\soft\python3.7\Scripts\;C:\soft\python3.7\;C:\Users\李创博\AppData\Local\Microsoft\WindowsApps;C:\Program Files\Java\jdk1.8.0_144\bin;C:\Program Files\Java\jdk-9.0.4\bin;C:\Users\李创博\maven\apache-maven-3.6.0-bin\apache-maven-3.6.0\bin;C:\Program Files\JetBrains\PyCharm Community Edition 2018.3.5\bin;;;C:\soft\Fidder\Fiddler;C:\Program Files\JetBrains\PyCharm 2019.1.1\bin;;C:\Users\李创博\AppData\Local\Pandoc\;C:\soft\Microsoft VS Code\bin;C:\Users\李创博\AppData\Roaming\npm;.]
2019-12-22 14:18:37.930  INFO 20572 --- [localhost-startStop-1] o.a.c.c.C.[Tomcat].[localhost].[/]       : Initializing Spring embedded WebApplicationContext
2019-12-22 14:18:37.931  INFO 20572 --- [localhost-startStop-1] o.s.web.context.ContextLoader            : Root WebApplicationContext: initialization completed in 2578 ms
2019-12-22 14:18:38.107  INFO 20572 --- [localhost-startStop-1] o.s.b.w.servlet.ServletRegistrationBean  : Servlet dispatcherServlet mapped to [/]
2019-12-22 14:18:38.113  INFO 20572 --- [localhost-startStop-1] o.s.b.w.servlet.FilterRegistrationBean   : Mapping filter: 'characterEncodingFilter' to: [/*]
2019-12-22 14:18:38.114  INFO 20572 --- [localhost-startStop-1] o.s.b.w.servlet.FilterRegistrationBean   : Mapping filter: 'hiddenHttpMethodFilter' to: [/*]
2019-12-22 14:18:38.114  INFO 20572 --- [localhost-startStop-1] o.s.b.w.servlet.FilterRegistrationBean   : Mapping filter: 'httpPutFormContentFilter' to: [/*]
2019-12-22 14:18:38.114  INFO 20572 --- [localhost-startStop-1] o.s.b.w.servlet.FilterRegistrationBean   : Mapping filter: 'requestContextFilter' to: [/*]
2019-12-22 14:18:38.697  INFO 20572 --- [restartedMain] o.s.w.s.handler.SimpleUrlHandlerMapping  : Mapped URL path [/**/favicon.ico] onto handler of type [class org.springframework.web.servlet.resource.ResourceHttpRequestHandler]
2019-12-22 14:18:38.898  INFO 20572 --- [restartedMain] s.w.s.m.m.a.RequestMappingHandlerAdapter : Looking for @ControllerAdvice: org.springframework.boot.web.servlet.context.AnnotationConfigServletWebServerApplicationContext@4b63330d: startup date [Sun Dec 22 14:18:35 AWST 2019]; root of context hierarchy
2019-12-22 14:18:38.968  INFO 20572 --- [restartedMain] s.w.s.m.m.a.RequestMappingHandlerMapping : Mapped "{[/callback],methods=[GET]}" onto public java.lang.String cn.edu.tit.forum.controller.AuthorizeController.callback(java.lang.String,java.lang.String,javax.servlet.http.HttpServletResponse)
2019-12-22 14:18:38.969  INFO 20572 --- [restartedMain] s.w.s.m.m.a.RequestMappingHandlerMapping : Mapped "{[/logout],methods=[GET]}" onto public java.lang.String cn.edu.tit.forum.controller.AuthorizeController.logout(javax.servlet.http.HttpServletRequest,javax.servlet.http.HttpServletResponse)
2019-12-22 14:18:38.970  INFO 20572 --- [restartedMain] s.w.s.m.m.a.RequestMappingHandlerMapping : Mapped "{[/comment/{id}],methods=[GET]}" onto public cn.edu.tit.forum.dto.ResultDTO cn.edu.tit.forum.controller.CommentController.comments(java.lang.Long)
2019-12-22 14:18:38.970  INFO 20572 --- [restartedMain] s.w.s.m.m.a.RequestMappingHandlerMapping : Mapped "{[/comment],methods=[POST]}" onto public java.lang.Object cn.edu.tit.forum.controller.CommentController.post(cn.edu.tit.forum.dto.CommentCreateDTO,javax.servlet.http.HttpServletRequest)
2019-12-22 14:18:38.971  INFO 20572 --- [restartedMain] s.w.s.m.m.a.RequestMappingHandlerMapping : Mapped "{[/error],produces=[text/html]}" onto public org.springframework.web.servlet.ModelAndView cn.edu.tit.forum.controller.CustomizeErrorController.errorHtml(javax.servlet.http.HttpServletRequest,org.springframework.ui.Model)
2019-12-22 14:18:38.972  INFO 20572 --- [restartedMain] s.w.s.m.m.a.RequestMappingHandlerMapping : Mapped "{[/file/upload]}" onto public cn.edu.tit.forum.dto.FileDTO cn.edu.tit.forum.controller.FileController.upload(javax.servlet.http.HttpServletRequest)
2019-12-22 14:18:38.972  INFO 20572 --- [restartedMain] s.w.s.m.m.a.RequestMappingHandlerMapping : Mapped "{[/],methods=[GET]}" onto public java.lang.String cn.edu.tit.forum.controller.IndexController.index(org.springframework.ui.Model,java.lang.Integer,java.lang.Integer,java.lang.String)
2019-12-22 14:18:38.973  INFO 20572 --- [restartedMain] s.w.s.m.m.a.RequestMappingHandlerMapping : Mapped "{[/notify/{id}],methods=[GET]}" onto public java.lang.String cn.edu.tit.forum.controller.NotifyController.notify(javax.servlet.http.HttpServletRequest,java.lang.Long)
2019-12-22 14:18:38.974  INFO 20572 --- [restartedMain] s.w.s.m.m.a.RequestMappingHandlerMapping : Mapped "{[/profile/{action}],methods=[GET]}" onto public java.lang.String cn.edu.tit.forum.controller.ProfileController.profile(java.lang.String,org.springframework.ui.Model,javax.servlet.http.HttpServletRequest,java.lang.Integer,java.lang.Integer)
2019-12-22 14:18:38.975  INFO 20572 --- [restartedMain] s.w.s.m.m.a.RequestMappingHandlerMapping : Mapped "{[/publish],methods=[GET]}" onto public java.lang.String cn.edu.tit.forum.controller.PublishController.publish(org.springframework.ui.Model)
2019-12-22 14:18:38.976  INFO 20572 --- [restartedMain] s.w.s.m.m.a.RequestMappingHandlerMapping : Mapped "{[/publish],methods=[POST]}" onto public java.lang.String cn.edu.tit.forum.controller.PublishController.doPublish(java.lang.String,java.lang.String,java.lang.String,java.lang.Long,javax.servlet.http.HttpServletRequest,org.springframework.ui.Model)
2019-12-22 14:18:38.976  INFO 20572 --- [restartedMain] s.w.s.m.m.a.RequestMappingHandlerMapping : Mapped "{[/publish/{id}],methods=[GET]}" onto public java.lang.String cn.edu.tit.forum.controller.PublishController.edit(java.lang.Long,org.springframework.ui.Model)
2019-12-22 14:18:38.976  INFO 20572 --- [restartedMain] s.w.s.m.m.a.RequestMappingHandlerMapping : Mapped "{[/question/{id}],methods=[GET]}" onto public java.lang.String cn.edu.tit.forum.controller.QuestionController.question(java.lang.Long,org.springframework.ui.Model)
2019-12-22 14:18:38.999  INFO 20572 --- [restartedMain] o.s.w.s.h.BeanNameUrlHandlerMapping      : Mapped URL path [/error] onto handler '/error'
2019-12-22 14:18:39.006  INFO 20572 --- [restartedMain] o.s.w.s.handler.SimpleUrlHandlerMapping  : Mapped URL path [/webjars/**] onto handler of type [class org.springframework.web.servlet.resource.ResourceHttpRequestHandler]
2019-12-22 14:18:39.006  INFO 20572 --- [restartedMain] o.s.w.s.handler.SimpleUrlHandlerMapping  : Mapped URL path [/**] onto handler of type [class org.springframework.web.servlet.resource.ResourceHttpRequestHandler]
2019-12-22 14:18:39.021  INFO 20572 --- [restartedMain] .m.m.a.ExceptionHandlerExceptionResolver : Detected @ExceptionHandler methods in customizeExceptionHandler
2019-12-22 14:18:39.116  INFO 20572 --- [restartedMain] o.s.b.a.w.s.WelcomePageHandlerMapping    : Adding welcome page template: index
2019-12-22 14:18:39.950  INFO 20572 --- [restartedMain] o.s.b.d.a.OptionalLiveReloadServer       : LiveReload server is running on port 35729
2019-12-22 14:18:39.983  INFO 20572 --- [restartedMain] o.s.j.e.a.AnnotationMBeanExporter        : Registering beans for JMX exposure on startup
2019-12-22 14:18:39.984  INFO 20572 --- [restartedMain] o.s.j.e.a.AnnotationMBeanExporter        : Bean with name 'dataSource' has been autodetected for JMX exposure
2019-12-22 14:18:39.990  INFO 20572 --- [restartedMain] o.s.j.e.a.AnnotationMBeanExporter        : Located MBean 'dataSource': registering with JMX server as MBean [com.zaxxer.hikari:name=dataSource,type=HikariDataSource]
2019-12-22 14:18:40.011 ERROR 20572 --- [restartedMain] o.apache.catalina.core.StandardService   : Failed to start connector [Connector[HTTP/1.1-80]]

org.apache.catalina.LifecycleException: Failed to start component [Connector[HTTP/1.1-80]]
	at org.apache.catalina.util.LifecycleBase.start(LifecycleBase.java:167) ~[tomcat-embed-core-8.5.29.jar:8.5.29]
	at org.apache.catalina.core.StandardService.addConnector(StandardService.java:225) ~[tomcat-embed-core-8.5.29.jar:8.5.29]
	at org.springframework.boot.web.embedded.tomcat.TomcatWebServer.addPreviouslyRemovedConnectors(TomcatWebServer.java:256) [spring-boot-2.0.1.RELEASE.jar:2.0.1.RELEASE]
	at org.springframework.boot.web.embedded.tomcat.TomcatWebServer.start(TomcatWebServer.java:198) [spring-boot-2.0.1.RELEASE.jar:2.0.1.RELEASE]
	at org.springframework.boot.web.servlet.context.ServletWebServerApplicationContext.startWebServer(ServletWebServerApplicationContext.java:300) [spring-boot-2.0.1.RELEASE.jar:2.0.1.RELEASE]
	at org.springframework.boot.web.servlet.context.ServletWebServerApplicationContext.finishRefresh(ServletWebServerApplicationContext.java:162) [spring-boot-2.0.1.RELEASE.jar:2.0.1.RELEASE]
	at org.springframework.context.support.AbstractApplicationContext.refresh(AbstractApplicationContext.java:553) [spring-context-5.0.5.RELEASE.jar:5.0.5.RELEASE]
	at org.springframework.boot.web.servlet.context.ServletWebServerApplicationContext.refresh(ServletWebServerApplicationContext.java:140) [spring-boot-2.0.1.RELEASE.jar:2.0.1.RELEASE]
	at org.springframework.boot.SpringApplication.refresh(SpringApplication.java:759) [spring-boot-2.0.1.RELEASE.jar:2.0.1.RELEASE]
	at org.springframework.boot.SpringApplication.refreshContext(SpringApplication.java:395) [spring-boot-2.0.1.RELEASE.jar:2.0.1.RELEASE]
	at org.springframework.boot.SpringApplication.run(SpringApplication.java:327) [spring-boot-2.0.1.RELEASE.jar:2.0.1.RELEASE]
	at org.springframework.boot.SpringApplication.run(SpringApplication.java:1255) [spring-boot-2.0.1.RELEASE.jar:2.0.1.RELEASE]
	at org.springframework.boot.SpringApplication.run(SpringApplication.java:1243) [spring-boot-2.0.1.RELEASE.jar:2.0.1.RELEASE]
	at cn.edu.tit.forum.ForumApplication.main(ForumApplication.java:12) [classes/:na]
	at java.base/jdk.internal.reflect.NativeMethodAccessorImpl.invoke0(Native Method) ~[na:na]
	at java.base/jdk.internal.reflect.NativeMethodAccessorImpl.invoke(NativeMethodAccessorImpl.java:62) ~[na:na]
	at java.base/jdk.internal.reflect.DelegatingMethodAccessorImpl.invoke(DelegatingMethodAccessorImpl.java:43) ~[na:na]
	at java.base/java.lang.reflect.Method.invoke(Method.java:564) ~[na:na]
	at org.springframework.boot.devtools.restart.RestartLauncher.run(RestartLauncher.java:49) [spring-boot-devtools-2.0.1.RELEASE.jar:2.0.1.RELEASE]
Caused by: org.apache.catalina.LifecycleException: Protocol handler start failed
	at org.apache.catalina.connector.Connector.startInternal(Connector.java:1020) ~[tomcat-embed-core-8.5.29.jar:8.5.29]
	at org.apache.catalina.util.LifecycleBase.start(LifecycleBase.java:150) ~[tomcat-embed-core-8.5.29.jar:8.5.29]
	... 18 common frames omitted
Caused by: java.net.BindException: Address already in use: bind
	at java.base/sun.nio.ch.Net.bind0(Native Method) ~[na:na]
	at java.base/sun.nio.ch.Net.bind(Net.java:433) ~[na:na]
	at java.base/sun.nio.ch.Net.bind(Net.java:425) ~[na:na]
	at java.base/sun.nio.ch.ServerSocketChannelImpl.bind(ServerSocketChannelImpl.java:225) ~[na:na]
	at java.base/sun.nio.ch.ServerSocketAdaptor.bind(ServerSocketAdaptor.java:74) ~[na:na]
	at org.apache.tomcat.util.net.NioEndpoint.bind(NioEndpoint.java:210) ~[tomcat-embed-core-8.5.29.jar:8.5.29]
	at org.apache.tomcat.util.net.AbstractEndpoint.start(AbstractEndpoint.java:1150) ~[tomcat-embed-core-8.5.29.jar:8.5.29]
	at org.apache.coyote.AbstractProtocol.start(AbstractProtocol.java:591) ~[tomcat-embed-core-8.5.29.jar:8.5.29]
	at org.apache.catalina.connector.Connector.startInternal(Connector.java:1018) ~[tomcat-embed-core-8.5.29.jar:8.5.29]
	... 19 common frames omitted

2019-12-22 14:18:40.021  INFO 20572 --- [restartedMain] o.apache.catalina.core.StandardService   : Stopping service [Tomcat]
2019-12-22 14:18:40.037  INFO 20572 --- [restartedMain] ConditionEvaluationReportLoggingListener : 

Error starting ApplicationContext. To display the conditions report re-run your application with 'debug' enabled.
2019-12-22 14:18:40.042 ERROR 20572 --- [restartedMain] o.s.b.d.LoggingFailureAnalysisReporter   : 

***************************
APPLICATION FAILED TO START
***************************

Description:

The Tomcat connector configured to listen on port 80 failed to start. The port may already be in use or the connector may be misconfigured.

Action:

Verify the connector's configuration, identify and stop any process that's listening on port 80, or configure this application to listen on another port.

2019-12-22 14:18:40.043  INFO 20572 --- [restartedMain] ConfigServletWebServerApplicationContext : Closing org.springframework.boot.web.servlet.context.AnnotationConfigServletWebServerApplicationContext@4b63330d: startup date [Sun Dec 22 14:18:35 AWST 2019]; root of context hierarchy
2019-12-22 14:18:40.046  INFO 20572 --- [restartedMain] o.s.j.e.a.AnnotationMBeanExporter        : Unregistering JMX-exposed beans on shutdown
2019-12-22 14:18:40.046  INFO 20572 --- [restartedMain] o.s.j.e.a.AnnotationMBeanExporter        : Unregistering JMX-exposed beans
2019-12-22 14:19:57.310  INFO 19008 --- [restartedMain] cn.edu.tit.forum.ForumApplication        : Starting ForumApplication on DESKTOP-3QUHG5I with PID 19008 (C:\IDEAWorkspace\forum\target\classes started by 李创博 in C:\IDEAWorkspace\forum)
2019-12-22 14:19:57.314  INFO 19008 --- [restartedMain] cn.edu.tit.forum.ForumApplication        : No active profile set, falling back to default profiles: default
2019-12-22 14:19:57.462  INFO 19008 --- [restartedMain] ConfigServletWebServerApplicationContext : Refreshing org.springframework.boot.web.servlet.context.AnnotationConfigServletWebServerApplicationContext@277ef6ff: startup date [Sun Dec 22 14:19:57 AWST 2019]; root of context hierarchy
2019-12-22 14:20:00.610  INFO 19008 --- [restartedMain] o.s.b.w.embedded.tomcat.TomcatWebServer  : Tomcat initialized with port(s): 8080 (http)
2019-12-22 14:20:00.648  INFO 19008 --- [restartedMain] o.apache.catalina.core.StandardService   : Starting service [Tomcat]
2019-12-22 14:20:00.648  INFO 19008 --- [restartedMain] org.apache.catalina.core.StandardEngine  : Starting Servlet Engine: Apache Tomcat/8.5.29
2019-12-22 14:20:00.656  INFO 19008 --- [localhost-startStop-1] o.a.catalina.core.AprLifecycleListener   : The APR based Apache Tomcat Native library which allows optimal performance in production environments was not found on the java.library.path: [C:\Program Files\Java\jdk-9.0.4\bin;C:\WINDOWS\Sun\Java\bin;C:\WINDOWS\system32;C:\WINDOWS;C:\ProgramData\Oracle\Java\javapath;C:\Program Files (x86)\Common Files\Oracle\Java\javapath;C:\Program Files (x86)\NetSarang\Xftp 6\;C:\Program Files (x86)\NetSarang\Xshell 6\;C:\app\soft\product\11.2.0\dbhome_1\bin;C:\app\李创博\product\11.2.0\dbhome_3\bin;app\李创博\product\11.2.0\dbhome_1\bin;ProgramData\Oracle\Java\javapath;C:\Program Files (x86)\Intel\Intel(R) Management Engine Components\iCLS\;C:\Program Files\Intel\Intel(R) Management Engine Components\iCLS\;C:\windows\system32;C:\windows;C:\windows\System32\Wbem;C:\windows\System32\WindowsPowerShell\v1.0\;C:\Program Files (x86)\NVIDIA Corporation\PhysX\Common;C:\Program Files\Java\jdk-9.0.4\bin;C:\WINDOWS\system32;C:\WINDOWS;C:\WINDOWS\System32\Wbem;C:\WINDOWS\System32\WindowsPowerShell\v1.0\;C:\WINDOWS\System32\OpenSSH\;C:\Program Files\Common Files\Autodesk Shared\;C:\Program Files (x86)\Autodesk\Backburner\;C:\Program Files (x86)\Intel\Intel(R) Management Engine Components\DAL;C:\Program Files\Intel\Intel(R) Management Engine Components\DAL;C:\Program Files (x86)\Intel\Intel(R) Management Engine Components\IPT;C:\Program Files\Intel\Intel(R) Management Engine Components\IPT;rogram Files\MySQL\MySQL Utilities 1.6\;VEN_HOME%\bin;Program Files (x86)\GtkSharp\2.12\bin;C:\Program Files\dotnet\;C:\Program Files\Git\cmd;C:\Users\李创博\AppData\Local\Pandoc;C:\Program Files\Intel\WiFi\bin\;C:\Program Files\Common Files\Intel\WirelessCommon\;C:\Program Files\nodejs\;C:\Program Files\nodejs\node_global;C:\soft\apache-maven-3.5.2\bin;C:\Program Files\Java\jdk1.8.0_221\bin;C:\soft\python3.7\Scripts\;C:\soft\python3.7\;C:\Users\李创博\AppData\Local\Microsoft\WindowsApps;C:\Program Files\Java\jdk1.8.0_144\bin;C:\Program Files\Java\jdk-9.0.4\bin;C:\Users\李创博\maven\apache-maven-3.6.0-bin\apache-maven-3.6.0\bin;C:\Program Files\JetBrains\PyCharm Community Edition 2018.3.5\bin;;;C:\soft\Fidder\Fiddler;C:\Program Files\JetBrains\PyCharm 2019.1.1\bin;;C:\Users\李创博\AppData\Local\Pandoc\;C:\soft\Microsoft VS Code\bin;C:\Users\李创博\AppData\Roaming\npm;.]
2019-12-22 14:20:00.977  INFO 19008 --- [localhost-startStop-1] o.a.c.c.C.[Tomcat].[localhost].[/]       : Initializing Spring embedded WebApplicationContext
2019-12-22 14:20:00.979  INFO 19008 --- [localhost-startStop-1] o.s.web.context.ContextLoader            : Root WebApplicationContext: initialization completed in 3517 ms
2019-12-22 14:20:01.333  INFO 19008 --- [localhost-startStop-1] o.s.b.w.servlet.ServletRegistrationBean  : Servlet dispatcherServlet mapped to [/]
2019-12-22 14:20:01.346  INFO 19008 --- [localhost-startStop-1] o.s.b.w.servlet.FilterRegistrationBean   : Mapping filter: 'characterEncodingFilter' to: [/*]
2019-12-22 14:20:01.347  INFO 19008 --- [localhost-startStop-1] o.s.b.w.servlet.FilterRegistrationBean   : Mapping filter: 'hiddenHttpMethodFilter' to: [/*]
2019-12-22 14:20:01.348  INFO 19008 --- [localhost-startStop-1] o.s.b.w.servlet.FilterRegistrationBean   : Mapping filter: 'httpPutFormContentFilter' to: [/*]
2019-12-22 14:20:01.349  INFO 19008 --- [localhost-startStop-1] o.s.b.w.servlet.FilterRegistrationBean   : Mapping filter: 'requestContextFilter' to: [/*]
2019-12-22 14:20:02.274  INFO 19008 --- [restartedMain] o.s.w.s.handler.SimpleUrlHandlerMapping  : Mapped URL path [/**/favicon.ico] onto handler of type [class org.springframework.web.servlet.resource.ResourceHttpRequestHandler]
2019-12-22 14:20:02.511  INFO 19008 --- [restartedMain] s.w.s.m.m.a.RequestMappingHandlerAdapter : Looking for @ControllerAdvice: org.springframework.boot.web.servlet.context.AnnotationConfigServletWebServerApplicationContext@277ef6ff: startup date [Sun Dec 22 14:19:57 AWST 2019]; root of context hierarchy
2019-12-22 14:20:02.582  INFO 19008 --- [restartedMain] s.w.s.m.m.a.RequestMappingHandlerMapping : Mapped "{[/callback],methods=[GET]}" onto public java.lang.String cn.edu.tit.forum.controller.AuthorizeController.callback(java.lang.String,java.lang.String,javax.servlet.http.HttpServletResponse)
2019-12-22 14:20:02.583  INFO 19008 --- [restartedMain] s.w.s.m.m.a.RequestMappingHandlerMapping : Mapped "{[/logout],methods=[GET]}" onto public java.lang.String cn.edu.tit.forum.controller.AuthorizeController.logout(javax.servlet.http.HttpServletRequest,javax.servlet.http.HttpServletResponse)
2019-12-22 14:20:02.584  INFO 19008 --- [restartedMain] s.w.s.m.m.a.RequestMappingHandlerMapping : Mapped "{[/comment/{id}],methods=[GET]}" onto public cn.edu.tit.forum.dto.ResultDTO cn.edu.tit.forum.controller.CommentController.comments(java.lang.Long)
2019-12-22 14:20:02.585  INFO 19008 --- [restartedMain] s.w.s.m.m.a.RequestMappingHandlerMapping : Mapped "{[/comment],methods=[POST]}" onto public java.lang.Object cn.edu.tit.forum.controller.CommentController.post(cn.edu.tit.forum.dto.CommentCreateDTO,javax.servlet.http.HttpServletRequest)
2019-12-22 14:20:02.586  INFO 19008 --- [restartedMain] s.w.s.m.m.a.RequestMappingHandlerMapping : Mapped "{[/error],produces=[text/html]}" onto public org.springframework.web.servlet.ModelAndView cn.edu.tit.forum.controller.CustomizeErrorController.errorHtml(javax.servlet.http.HttpServletRequest,org.springframework.ui.Model)
2019-12-22 14:20:02.587  INFO 19008 --- [restartedMain] s.w.s.m.m.a.RequestMappingHandlerMapping : Mapped "{[/file/upload]}" onto public cn.edu.tit.forum.dto.FileDTO cn.edu.tit.forum.controller.FileController.upload(javax.servlet.http.HttpServletRequest)
2019-12-22 14:20:02.587  INFO 19008 --- [restartedMain] s.w.s.m.m.a.RequestMappingHandlerMapping : Mapped "{[/],methods=[GET]}" onto public java.lang.String cn.edu.tit.forum.controller.IndexController.index(org.springframework.ui.Model,java.lang.Integer,java.lang.Integer,java.lang.String)
2019-12-22 14:20:02.588  INFO 19008 --- [restartedMain] s.w.s.m.m.a.RequestMappingHandlerMapping : Mapped "{[/notify/{id}],methods=[GET]}" onto public java.lang.String cn.edu.tit.forum.controller.NotifyController.notify(javax.servlet.http.HttpServletRequest,java.lang.Long)
2019-12-22 14:20:02.589  INFO 19008 --- [restartedMain] s.w.s.m.m.a.RequestMappingHandlerMapping : Mapped "{[/profile/{action}],methods=[GET]}" onto public java.lang.String cn.edu.tit.forum.controller.ProfileController.profile(java.lang.String,org.springframework.ui.Model,javax.servlet.http.HttpServletRequest,java.lang.Integer,java.lang.Integer)
2019-12-22 14:20:02.592  INFO 19008 --- [restartedMain] s.w.s.m.m.a.RequestMappingHandlerMapping : Mapped "{[/publish],methods=[GET]}" onto public java.lang.String cn.edu.tit.forum.controller.PublishController.publish(org.springframework.ui.Model)
2019-12-22 14:20:02.592  INFO 19008 --- [restartedMain] s.w.s.m.m.a.RequestMappingHandlerMapping : Mapped "{[/publish/{id}],methods=[GET]}" onto public java.lang.String cn.edu.tit.forum.controller.PublishController.edit(java.lang.Long,org.springframework.ui.Model)
2019-12-22 14:20:02.592  INFO 19008 --- [restartedMain] s.w.s.m.m.a.RequestMappingHandlerMapping : Mapped "{[/publish],methods=[POST]}" onto public java.lang.String cn.edu.tit.forum.controller.PublishController.doPublish(java.lang.String,java.lang.String,java.lang.String,java.lang.Long,javax.servlet.http.HttpServletRequest,org.springframework.ui.Model)
2019-12-22 14:20:02.593  INFO 19008 --- [restartedMain] s.w.s.m.m.a.RequestMappingHandlerMapping : Mapped "{[/question/{id}],methods=[GET]}" onto public java.lang.String cn.edu.tit.forum.controller.QuestionController.question(java.lang.Long,org.springframework.ui.Model)
2019-12-22 14:20:02.619  INFO 19008 --- [restartedMain] o.s.w.s.h.BeanNameUrlHandlerMapping      : Mapped URL path [/error] onto handler '/error'
2019-12-22 14:20:02.625  INFO 19008 --- [restartedMain] o.s.w.s.handler.SimpleUrlHandlerMapping  : Mapped URL path [/webjars/**] onto handler of type [class org.springframework.web.servlet.resource.ResourceHttpRequestHandler]
2019-12-22 14:20:02.625  INFO 19008 --- [restartedMain] o.s.w.s.handler.SimpleUrlHandlerMapping  : Mapped URL path [/**] onto handler of type [class org.springframework.web.servlet.resource.ResourceHttpRequestHandler]
2019-12-22 14:20:02.642  INFO 19008 --- [restartedMain] .m.m.a.ExceptionHandlerExceptionResolver : Detected @ExceptionHandler methods in customizeExceptionHandler
2019-12-22 14:20:02.759  INFO 19008 --- [restartedMain] o.s.b.a.w.s.WelcomePageHandlerMapping    : Adding welcome page template: index
2019-12-22 14:20:03.687  INFO 19008 --- [restartedMain] o.s.b.d.a.OptionalLiveReloadServer       : LiveReload server is running on port 35729
2019-12-22 14:20:03.717  INFO 19008 --- [restartedMain] o.s.j.e.a.AnnotationMBeanExporter        : Registering beans for JMX exposure on startup
2019-12-22 14:20:03.718  INFO 19008 --- [restartedMain] o.s.j.e.a.AnnotationMBeanExporter        : Bean with name 'dataSource' has been autodetected for JMX exposure
2019-12-22 14:20:03.724  INFO 19008 --- [restartedMain] o.s.j.e.a.AnnotationMBeanExporter        : Located MBean 'dataSource': registering with JMX server as MBean [com.zaxxer.hikari:name=dataSource,type=HikariDataSource]
2019-12-22 14:20:03.769  INFO 19008 --- [restartedMain] o.s.b.w.embedded.tomcat.TomcatWebServer  : Tomcat started on port(s): 8080 (http) with context path ''
2019-12-22 14:20:03.776  INFO 19008 --- [restartedMain] cn.edu.tit.forum.ForumApplication        : Started ForumApplication in 7.163 seconds (JVM running for 9.409)
2019-12-22 14:20:08.427  INFO 19008 --- [http-nio-8080-exec-1] o.a.c.c.C.[Tomcat].[localhost].[/]       : Initializing Spring FrameworkServlet 'dispatcherServlet'
2019-12-22 14:20:08.427  INFO 19008 --- [http-nio-8080-exec-1] o.s.web.servlet.DispatcherServlet        : FrameworkServlet 'dispatcherServlet': initialization started
2019-12-22 14:20:08.471  INFO 19008 --- [http-nio-8080-exec-1] o.s.web.servlet.DispatcherServlet        : FrameworkServlet 'dispatcherServlet': initialization completed in 43 ms
2019-12-22 14:20:08.622  INFO 19008 --- [http-nio-8080-exec-1] com.zaxxer.hikari.HikariDataSource       : HikariPool-1 - Starting...
2019-12-22 14:20:09.033  INFO 19008 --- [http-nio-8080-exec-1] com.zaxxer.hikari.HikariDataSource       : HikariPool-1 - Start completed.
2019-12-22 14:20:09.045 DEBUG 19008 --- [http-nio-8080-exec-1] c.e.t.f.m.Q.countBySearch                : ==>  Preparing: select count(*) from question 
2019-12-22 14:20:09.073 DEBUG 19008 --- [http-nio-8080-exec-1] c.e.t.f.m.Q.countBySearch                : ==> Parameters: 
2019-12-22 14:20:09.094 DEBUG 19008 --- [http-nio-8080-exec-1] c.e.t.f.m.Q.countBySearch                : <==      Total: 1
2019-12-22 14:20:09.098 DEBUG 19008 --- [http-nio-8080-exec-1] c.e.t.f.m.Q.selectBySearch               : ==>  Preparing: select * from question order by gmt_create desc limit ?, ? 
2019-12-22 14:20:09.099 DEBUG 19008 --- [http-nio-8080-exec-1] c.e.t.f.m.Q.selectBySearch               : ==> Parameters: 0(Integer), 10(Integer)
2019-12-22 14:20:09.111 DEBUG 19008 --- [http-nio-8080-exec-1] c.e.t.f.m.Q.selectBySearch               : <==      Total: 10
2019-12-22 14:20:09.112 DEBUG 19008 --- [http-nio-8080-exec-1] c.e.t.f.m.UserMapper.selectByPrimaryKey  : ==>  Preparing: select id, account_id, name, token, gmt_create, gmt_modified, bio, avatar_url from user where id = ? 
2019-12-22 14:20:09.113 DEBUG 19008 --- [http-nio-8080-exec-1] c.e.t.f.m.UserMapper.selectByPrimaryKey  : ==> Parameters: 16(Long)
2019-12-22 14:20:09.115 DEBUG 19008 --- [http-nio-8080-exec-1] c.e.t.f.m.UserMapper.selectByPrimaryKey  : <==      Total: 1
2019-12-22 14:20:09.124 DEBUG 19008 --- [http-nio-8080-exec-1] c.e.t.f.m.UserMapper.selectByPrimaryKey  : ==>  Preparing: select id, account_id, name, token, gmt_create, gmt_modified, bio, avatar_url from user where id = ? 
2019-12-22 14:20:09.125 DEBUG 19008 --- [http-nio-8080-exec-1] c.e.t.f.m.UserMapper.selectByPrimaryKey  : ==> Parameters: 16(Long)
2019-12-22 14:20:09.127 DEBUG 19008 --- [http-nio-8080-exec-1] c.e.t.f.m.UserMapper.selectByPrimaryKey  : <==      Total: 1
2019-12-22 14:20:09.129 DEBUG 19008 --- [http-nio-8080-exec-1] c.e.t.f.m.UserMapper.selectByPrimaryKey  : ==>  Preparing: select id, account_id, name, token, gmt_create, gmt_modified, bio, avatar_url from user where id = ? 
2019-12-22 14:20:09.129 DEBUG 19008 --- [http-nio-8080-exec-1] c.e.t.f.m.UserMapper.selectByPrimaryKey  : ==> Parameters: 16(Long)
2019-12-22 14:20:09.131 DEBUG 19008 --- [http-nio-8080-exec-1] c.e.t.f.m.UserMapper.selectByPrimaryKey  : <==      Total: 1
2019-12-22 14:20:09.132 DEBUG 19008 --- [http-nio-8080-exec-1] c.e.t.f.m.UserMapper.selectByPrimaryKey  : ==>  Preparing: select id, account_id, name, token, gmt_create, gmt_modified, bio, avatar_url from user where id = ? 
2019-12-22 14:20:09.132 DEBUG 19008 --- [http-nio-8080-exec-1] c.e.t.f.m.UserMapper.selectByPrimaryKey  : ==> Parameters: 16(Long)
2019-12-22 14:20:09.134 DEBUG 19008 --- [http-nio-8080-exec-1] c.e.t.f.m.UserMapper.selectByPrimaryKey  : <==      Total: 1
2019-12-22 14:20:09.135 DEBUG 19008 --- [http-nio-8080-exec-1] c.e.t.f.m.UserMapper.selectByPrimaryKey  : ==>  Preparing: select id, account_id, name, token, gmt_create, gmt_modified, bio, avatar_url from user where id = ? 
2019-12-22 14:20:09.136 DEBUG 19008 --- [http-nio-8080-exec-1] c.e.t.f.m.UserMapper.selectByPrimaryKey  : ==> Parameters: 16(Long)
2019-12-22 14:20:09.139 DEBUG 19008 --- [http-nio-8080-exec-1] c.e.t.f.m.UserMapper.selectByPrimaryKey  : <==      Total: 1
2019-12-22 14:20:09.140 DEBUG 19008 --- [http-nio-8080-exec-1] c.e.t.f.m.UserMapper.selectByPrimaryKey  : ==>  Preparing: select id, account_id, name, token, gmt_create, gmt_modified, bio, avatar_url from user where id = ? 
2019-12-22 14:20:09.141 DEBUG 19008 --- [http-nio-8080-exec-1] c.e.t.f.m.UserMapper.selectByPrimaryKey  : ==> Parameters: 17(Long)
2019-12-22 14:20:09.143 DEBUG 19008 --- [http-nio-8080-exec-1] c.e.t.f.m.UserMapper.selectByPrimaryKey  : <==      Total: 1
2019-12-22 14:20:09.144 DEBUG 19008 --- [http-nio-8080-exec-1] c.e.t.f.m.UserMapper.selectByPrimaryKey  : ==>  Preparing: select id, account_id, name, token, gmt_create, gmt_modified, bio, avatar_url from user where id = ? 
2019-12-22 14:20:09.145 DEBUG 19008 --- [http-nio-8080-exec-1] c.e.t.f.m.UserMapper.selectByPrimaryKey  : ==> Parameters: 16(Long)
2019-12-22 14:20:09.147 DEBUG 19008 --- [http-nio-8080-exec-1] c.e.t.f.m.UserMapper.selectByPrimaryKey  : <==      Total: 1
2019-12-22 14:20:09.148 DEBUG 19008 --- [http-nio-8080-exec-1] c.e.t.f.m.UserMapper.selectByPrimaryKey  : ==>  Preparing: select id, account_id, name, token, gmt_create, gmt_modified, bio, avatar_url from user where id = ? 
2019-12-22 14:20:09.149 DEBUG 19008 --- [http-nio-8080-exec-1] c.e.t.f.m.UserMapper.selectByPrimaryKey  : ==> Parameters: 16(Long)
2019-12-22 14:20:09.151 DEBUG 19008 --- [http-nio-8080-exec-1] c.e.t.f.m.UserMapper.selectByPrimaryKey  : <==      Total: 1
2019-12-22 14:20:09.152 DEBUG 19008 --- [http-nio-8080-exec-1] c.e.t.f.m.UserMapper.selectByPrimaryKey  : ==>  Preparing: select id, account_id, name, token, gmt_create, gmt_modified, bio, avatar_url from user where id = ? 
2019-12-22 14:20:09.152 DEBUG 19008 --- [http-nio-8080-exec-1] c.e.t.f.m.UserMapper.selectByPrimaryKey  : ==> Parameters: 16(Long)
2019-12-22 14:20:09.154 DEBUG 19008 --- [http-nio-8080-exec-1] c.e.t.f.m.UserMapper.selectByPrimaryKey  : <==      Total: 1
2019-12-22 14:20:09.155 DEBUG 19008 --- [http-nio-8080-exec-1] c.e.t.f.m.UserMapper.selectByPrimaryKey  : ==>  Preparing: select id, account_id, name, token, gmt_create, gmt_modified, bio, avatar_url from user where id = ? 
2019-12-22 14:20:09.156 DEBUG 19008 --- [http-nio-8080-exec-1] c.e.t.f.m.UserMapper.selectByPrimaryKey  : ==> Parameters: 16(Long)
2019-12-22 14:20:09.158 DEBUG 19008 --- [http-nio-8080-exec-1] c.e.t.f.m.UserMapper.selectByPrimaryKey  : <==      Total: 1
2019-12-22 14:21:45.122 DEBUG 19008 --- [http-nio-8080-exec-4] c.e.t.f.m.Q.countBySearch                : ==>  Preparing: select count(*) from question 
2019-12-22 14:21:45.123 DEBUG 19008 --- [http-nio-8080-exec-4] c.e.t.f.m.Q.countBySearch                : ==> Parameters: 
2019-12-22 14:21:45.124 DEBUG 19008 --- [http-nio-8080-exec-4] c.e.t.f.m.Q.countBySearch                : <==      Total: 1
2019-12-22 14:21:45.125 DEBUG 19008 --- [http-nio-8080-exec-4] c.e.t.f.m.Q.selectBySearch               : ==>  Preparing: select * from question order by gmt_create desc limit ?, ? 
2019-12-22 14:21:45.126 DEBUG 19008 --- [http-nio-8080-exec-4] c.e.t.f.m.Q.selectBySearch               : ==> Parameters: 0(Integer), 10(Integer)
2019-12-22 14:21:45.132 DEBUG 19008 --- [http-nio-8080-exec-4] c.e.t.f.m.Q.selectBySearch               : <==      Total: 10
2019-12-22 14:21:45.133 DEBUG 19008 --- [http-nio-8080-exec-4] c.e.t.f.m.UserMapper.selectByPrimaryKey  : ==>  Preparing: select id, account_id, name, token, gmt_create, gmt_modified, bio, avatar_url from user where id = ? 
2019-12-22 14:21:45.133 DEBUG 19008 --- [http-nio-8080-exec-4] c.e.t.f.m.UserMapper.selectByPrimaryKey  : ==> Parameters: 16(Long)
2019-12-22 14:21:45.135 DEBUG 19008 --- [http-nio-8080-exec-4] c.e.t.f.m.UserMapper.selectByPrimaryKey  : <==      Total: 1
2019-12-22 14:21:45.135 DEBUG 19008 --- [http-nio-8080-exec-4] c.e.t.f.m.UserMapper.selectByPrimaryKey  : ==>  Preparing: select id, account_id, name, token, gmt_create, gmt_modified, bio, avatar_url from user where id = ? 
2019-12-22 14:21:45.136 DEBUG 19008 --- [http-nio-8080-exec-4] c.e.t.f.m.UserMapper.selectByPrimaryKey  : ==> Parameters: 16(Long)
2019-12-22 14:21:45.137 DEBUG 19008 --- [http-nio-8080-exec-4] c.e.t.f.m.UserMapper.selectByPrimaryKey  : <==      Total: 1
2019-12-22 14:21:45.138 DEBUG 19008 --- [http-nio-8080-exec-4] c.e.t.f.m.UserMapper.selectByPrimaryKey  : ==>  Preparing: select id, account_id, name, token, gmt_create, gmt_modified, bio, avatar_url from user where id = ? 
2019-12-22 14:21:45.138 DEBUG 19008 --- [http-nio-8080-exec-4] c.e.t.f.m.UserMapper.selectByPrimaryKey  : ==> Parameters: 16(Long)
2019-12-22 14:21:45.141 DEBUG 19008 --- [http-nio-8080-exec-4] c.e.t.f.m.UserMapper.selectByPrimaryKey  : <==      Total: 1
2019-12-22 14:21:45.144 DEBUG 19008 --- [http-nio-8080-exec-4] c.e.t.f.m.UserMapper.selectByPrimaryKey  : ==>  Preparing: select id, account_id, name, token, gmt_create, gmt_modified, bio, avatar_url from user where id = ? 
2019-12-22 14:21:45.144 DEBUG 19008 --- [http-nio-8080-exec-4] c.e.t.f.m.UserMapper.selectByPrimaryKey  : ==> Parameters: 16(Long)
2019-12-22 14:21:45.145 DEBUG 19008 --- [http-nio-8080-exec-4] c.e.t.f.m.UserMapper.selectByPrimaryKey  : <==      Total: 1
2019-12-22 14:21:45.145 DEBUG 19008 --- [http-nio-8080-exec-4] c.e.t.f.m.UserMapper.selectByPrimaryKey  : ==>  Preparing: select id, account_id, name, token, gmt_create, gmt_modified, bio, avatar_url from user where id = ? 
2019-12-22 14:21:45.145 DEBUG 19008 --- [http-nio-8080-exec-4] c.e.t.f.m.UserMapper.selectByPrimaryKey  : ==> Parameters: 16(Long)
2019-12-22 14:21:45.146 DEBUG 19008 --- [http-nio-8080-exec-4] c.e.t.f.m.UserMapper.selectByPrimaryKey  : <==      Total: 1
2019-12-22 14:21:45.146 DEBUG 19008 --- [http-nio-8080-exec-4] c.e.t.f.m.UserMapper.selectByPrimaryKey  : ==>  Preparing: select id, account_id, name, token, gmt_create, gmt_modified, bio, avatar_url from user where id = ? 
2019-12-22 14:21:45.147 DEBUG 19008 --- [http-nio-8080-exec-4] c.e.t.f.m.UserMapper.selectByPrimaryKey  : ==> Parameters: 17(Long)
2019-12-22 14:21:45.149 DEBUG 19008 --- [http-nio-8080-exec-4] c.e.t.f.m.UserMapper.selectByPrimaryKey  : <==      Total: 1
2019-12-22 14:21:45.152 DEBUG 19008 --- [http-nio-8080-exec-4] c.e.t.f.m.UserMapper.selectByPrimaryKey  : ==>  Preparing: select id, account_id, name, token, gmt_create, gmt_modified, bio, avatar_url from user where id = ? 
2019-12-22 14:21:45.152 DEBUG 19008 --- [http-nio-8080-exec-4] c.e.t.f.m.UserMapper.selectByPrimaryKey  : ==> Parameters: 16(Long)
2019-12-22 14:21:45.152 DEBUG 19008 --- [http-nio-8080-exec-4] c.e.t.f.m.UserMapper.selectByPrimaryKey  : <==      Total: 1
2019-12-22 14:21:45.153 DEBUG 19008 --- [http-nio-8080-exec-4] c.e.t.f.m.UserMapper.selectByPrimaryKey  : ==>  Preparing: select id, account_id, name, token, gmt_create, gmt_modified, bio, avatar_url from user where id = ? 
2019-12-22 14:21:45.153 DEBUG 19008 --- [http-nio-8080-exec-4] c.e.t.f.m.UserMapper.selectByPrimaryKey  : ==> Parameters: 16(Long)
2019-12-22 14:21:45.154 DEBUG 19008 --- [http-nio-8080-exec-4] c.e.t.f.m.UserMapper.selectByPrimaryKey  : <==      Total: 1
2019-12-22 14:21:45.154 DEBUG 19008 --- [http-nio-8080-exec-4] c.e.t.f.m.UserMapper.selectByPrimaryKey  : ==>  Preparing: select id, account_id, name, token, gmt_create, gmt_modified, bio, avatar_url from user where id = ? 
2019-12-22 14:21:45.155 DEBUG 19008 --- [http-nio-8080-exec-4] c.e.t.f.m.UserMapper.selectByPrimaryKey  : ==> Parameters: 16(Long)
2019-12-22 14:21:45.157 DEBUG 19008 --- [http-nio-8080-exec-4] c.e.t.f.m.UserMapper.selectByPrimaryKey  : <==      Total: 1
2019-12-22 14:21:45.158 DEBUG 19008 --- [http-nio-8080-exec-4] c.e.t.f.m.UserMapper.selectByPrimaryKey  : ==>  Preparing: select id, account_id, name, token, gmt_create, gmt_modified, bio, avatar_url from user where id = ? 
2019-12-22 14:21:45.158 DEBUG 19008 --- [http-nio-8080-exec-4] c.e.t.f.m.UserMapper.selectByPrimaryKey  : ==> Parameters: 16(Long)
2019-12-22 14:21:45.159 DEBUG 19008 --- [http-nio-8080-exec-4] c.e.t.f.m.UserMapper.selectByPrimaryKey  : <==      Total: 1
2019-12-22 14:24:33.660  INFO 10384 --- [restartedMain] cn.edu.tit.forum.ForumApplication        : Starting ForumApplication on DESKTOP-3QUHG5I with PID 10384 (C:\IDEAWorkspace\forum\target\classes started by 李创博 in C:\IDEAWorkspace\forum)
2019-12-22 14:24:33.664  INFO 10384 --- [restartedMain] cn.edu.tit.forum.ForumApplication        : No active profile set, falling back to default profiles: default
2019-12-22 14:24:33.810  INFO 10384 --- [restartedMain] ConfigServletWebServerApplicationContext : Refreshing org.springframework.boot.web.servlet.context.AnnotationConfigServletWebServerApplicationContext@2f0941f1: startup date [Sun Dec 22 14:24:33 AWST 2019]; root of context hierarchy
2019-12-22 14:24:38.456  INFO 10384 --- [restartedMain] o.s.b.w.embedded.tomcat.TomcatWebServer  : Tomcat initialized with port(s): 8080 (http)
2019-12-22 14:24:38.517  INFO 10384 --- [restartedMain] o.apache.catalina.core.StandardService   : Starting service [Tomcat]
2019-12-22 14:24:38.517  INFO 10384 --- [restartedMain] org.apache.catalina.core.StandardEngine  : Starting Servlet Engine: Apache Tomcat/8.5.29
2019-12-22 14:24:38.529  INFO 10384 --- [localhost-startStop-1] o.a.catalina.core.AprLifecycleListener   : The APR based Apache Tomcat Native library which allows optimal performance in production environments was not found on the java.library.path: [C:\Program Files\Java\jdk-9.0.4\bin;C:\WINDOWS\Sun\Java\bin;C:\WINDOWS\system32;C:\WINDOWS;C:\ProgramData\Oracle\Java\javapath;C:\Program Files (x86)\Common Files\Oracle\Java\javapath;C:\Program Files (x86)\NetSarang\Xftp 6\;C:\Program Files (x86)\NetSarang\Xshell 6\;C:\app\soft\product\11.2.0\dbhome_1\bin;C:\app\李创博\product\11.2.0\dbhome_3\bin;app\李创博\product\11.2.0\dbhome_1\bin;ProgramData\Oracle\Java\javapath;C:\Program Files (x86)\Intel\Intel(R) Management Engine Components\iCLS\;C:\Program Files\Intel\Intel(R) Management Engine Components\iCLS\;C:\windows\system32;C:\windows;C:\windows\System32\Wbem;C:\windows\System32\WindowsPowerShell\v1.0\;C:\Program Files (x86)\NVIDIA Corporation\PhysX\Common;C:\Program Files\Java\jdk-9.0.4\bin;C:\WINDOWS\system32;C:\WINDOWS;C:\WINDOWS\System32\Wbem;C:\WINDOWS\System32\WindowsPowerShell\v1.0\;C:\WINDOWS\System32\OpenSSH\;C:\Program Files\Common Files\Autodesk Shared\;C:\Program Files (x86)\Autodesk\Backburner\;C:\Program Files (x86)\Intel\Intel(R) Management Engine Components\DAL;C:\Program Files\Intel\Intel(R) Management Engine Components\DAL;C:\Program Files (x86)\Intel\Intel(R) Management Engine Components\IPT;C:\Program Files\Intel\Intel(R) Management Engine Components\IPT;rogram Files\MySQL\MySQL Utilities 1.6\;VEN_HOME%\bin;Program Files (x86)\GtkSharp\2.12\bin;C:\Program Files\dotnet\;C:\Program Files\Git\cmd;C:\Users\李创博\AppData\Local\Pandoc;C:\Program Files\Intel\WiFi\bin\;C:\Program Files\Common Files\Intel\WirelessCommon\;C:\Program Files\nodejs\;C:\Program Files\nodejs\node_global;C:\soft\apache-maven-3.5.2\bin;C:\Program Files\Java\jdk1.8.0_221\bin;C:\soft\python3.7\Scripts\;C:\soft\python3.7\;C:\Users\李创博\AppData\Local\Microsoft\WindowsApps;C:\Program Files\Java\jdk1.8.0_144\bin;C:\Program Files\Java\jdk-9.0.4\bin;C:\Users\李创博\maven\apache-maven-3.6.0-bin\apache-maven-3.6.0\bin;C:\Program Files\JetBrains\PyCharm Community Edition 2018.3.5\bin;;;C:\soft\Fidder\Fiddler;C:\Program Files\JetBrains\PyCharm 2019.1.1\bin;;C:\Users\李创博\AppData\Local\Pandoc\;C:\soft\Microsoft VS Code\bin;C:\Users\李创博\AppData\Roaming\npm;.]
2019-12-22 14:24:38.873  INFO 10384 --- [localhost-startStop-1] o.a.c.c.C.[Tomcat].[localhost].[/]       : Initializing Spring embedded WebApplicationContext
2019-12-22 14:24:38.875  INFO 10384 --- [localhost-startStop-1] o.s.web.context.ContextLoader            : Root WebApplicationContext: initialization completed in 5066 ms
2019-12-22 14:24:39.347  INFO 10384 --- [localhost-startStop-1] o.s.b.w.servlet.ServletRegistrationBean  : Servlet dispatcherServlet mapped to [/]
2019-12-22 14:24:39.362  INFO 10384 --- [localhost-startStop-1] o.s.b.w.servlet.FilterRegistrationBean   : Mapping filter: 'characterEncodingFilter' to: [/*]
2019-12-22 14:24:39.363  INFO 10384 --- [localhost-startStop-1] o.s.b.w.servlet.FilterRegistrationBean   : Mapping filter: 'hiddenHttpMethodFilter' to: [/*]
2019-12-22 14:24:39.364  INFO 10384 --- [localhost-startStop-1] o.s.b.w.servlet.FilterRegistrationBean   : Mapping filter: 'httpPutFormContentFilter' to: [/*]
2019-12-22 14:24:39.364  INFO 10384 --- [localhost-startStop-1] o.s.b.w.servlet.FilterRegistrationBean   : Mapping filter: 'requestContextFilter' to: [/*]
2019-12-22 14:24:40.735  INFO 10384 --- [restartedMain] o.s.w.s.handler.SimpleUrlHandlerMapping  : Mapped URL path [/**/favicon.ico] onto handler of type [class org.springframework.web.servlet.resource.ResourceHttpRequestHandler]
2019-12-22 14:24:41.122  INFO 10384 --- [restartedMain] s.w.s.m.m.a.RequestMappingHandlerAdapter : Looking for @ControllerAdvice: org.springframework.boot.web.servlet.context.AnnotationConfigServletWebServerApplicationContext@2f0941f1: startup date [Sun Dec 22 14:24:33 AWST 2019]; root of context hierarchy
2019-12-22 14:24:41.388  INFO 10384 --- [restartedMain] s.w.s.m.m.a.RequestMappingHandlerMapping : Mapped "{[/callback],methods=[GET]}" onto public java.lang.String cn.edu.tit.forum.controller.AuthorizeController.callback(java.lang.String,java.lang.String,javax.servlet.http.HttpServletResponse)
2019-12-22 14:24:41.391  INFO 10384 --- [restartedMain] s.w.s.m.m.a.RequestMappingHandlerMapping : Mapped "{[/logout],methods=[GET]}" onto public java.lang.String cn.edu.tit.forum.controller.AuthorizeController.logout(javax.servlet.http.HttpServletRequest,javax.servlet.http.HttpServletResponse)
2019-12-22 14:24:41.392  INFO 10384 --- [restartedMain] s.w.s.m.m.a.RequestMappingHandlerMapping : Mapped "{[/comment],methods=[POST]}" onto public java.lang.Object cn.edu.tit.forum.controller.CommentController.post(cn.edu.tit.forum.dto.CommentCreateDTO,javax.servlet.http.HttpServletRequest)
2019-12-22 14:24:41.393  INFO 10384 --- [restartedMain] s.w.s.m.m.a.RequestMappingHandlerMapping : Mapped "{[/comment/{id}],methods=[GET]}" onto public cn.edu.tit.forum.dto.ResultDTO cn.edu.tit.forum.controller.CommentController.comments(java.lang.Long)
2019-12-22 14:24:41.397  INFO 10384 --- [restartedMain] s.w.s.m.m.a.RequestMappingHandlerMapping : Mapped "{[/error],produces=[text/html]}" onto public org.springframework.web.servlet.ModelAndView cn.edu.tit.forum.controller.CustomizeErrorController.errorHtml(javax.servlet.http.HttpServletRequest,org.springframework.ui.Model)
2019-12-22 14:24:41.398  INFO 10384 --- [restartedMain] s.w.s.m.m.a.RequestMappingHandlerMapping : Mapped "{[/file/upload]}" onto public cn.edu.tit.forum.dto.FileDTO cn.edu.tit.forum.controller.FileController.upload(javax.servlet.http.HttpServletRequest)
2019-12-22 14:24:41.400  INFO 10384 --- [restartedMain] s.w.s.m.m.a.RequestMappingHandlerMapping : Mapped "{[/],methods=[GET]}" onto public java.lang.String cn.edu.tit.forum.controller.IndexController.index(org.springframework.ui.Model,java.lang.Integer,java.lang.Integer,java.lang.String)
2019-12-22 14:24:41.402  INFO 10384 --- [restartedMain] s.w.s.m.m.a.RequestMappingHandlerMapping : Mapped "{[/notify/{id}],methods=[GET]}" onto public java.lang.String cn.edu.tit.forum.controller.NotifyController.notify(javax.servlet.http.HttpServletRequest,java.lang.Long)
2019-12-22 14:24:41.405  INFO 10384 --- [restartedMain] s.w.s.m.m.a.RequestMappingHandlerMapping : Mapped "{[/profile/{action}],methods=[GET]}" onto public java.lang.String cn.edu.tit.forum.controller.ProfileController.profile(java.lang.String,org.springframework.ui.Model,javax.servlet.http.HttpServletRequest,java.lang.Integer,java.lang.Integer)
2019-12-22 14:24:41.411  INFO 10384 --- [restartedMain] s.w.s.m.m.a.RequestMappingHandlerMapping : Mapped "{[/publish],methods=[POST]}" onto public java.lang.String cn.edu.tit.forum.controller.PublishController.doPublish(java.lang.String,java.lang.String,java.lang.String,java.lang.Long,javax.servlet.http.HttpServletRequest,org.springframework.ui.Model)
2019-12-22 14:24:41.412  INFO 10384 --- [restartedMain] s.w.s.m.m.a.RequestMappingHandlerMapping : Mapped "{[/publish/{id}],methods=[GET]}" onto public java.lang.String cn.edu.tit.forum.controller.PublishController.edit(java.lang.Long,org.springframework.ui.Model)
2019-12-22 14:24:41.412  INFO 10384 --- [restartedMain] s.w.s.m.m.a.RequestMappingHandlerMapping : Mapped "{[/publish],methods=[GET]}" onto public java.lang.String cn.edu.tit.forum.controller.PublishController.publish(org.springframework.ui.Model)
2019-12-22 14:24:41.414  INFO 10384 --- [restartedMain] s.w.s.m.m.a.RequestMappingHandlerMapping : Mapped "{[/question/{id}],methods=[GET]}" onto public java.lang.String cn.edu.tit.forum.controller.QuestionController.question(java.lang.Long,org.springframework.ui.Model)
2019-12-22 14:24:41.513  INFO 10384 --- [restartedMain] o.s.w.s.h.BeanNameUrlHandlerMapping      : Mapped URL path [/error] onto handler '/error'
2019-12-22 14:24:41.567  INFO 10384 --- [restartedMain] o.s.w.s.handler.SimpleUrlHandlerMapping  : Mapped URL path [/webjars/**] onto handler of type [class org.springframework.web.servlet.resource.ResourceHttpRequestHandler]
2019-12-22 14:24:41.568  INFO 10384 --- [restartedMain] o.s.w.s.handler.SimpleUrlHandlerMapping  : Mapped URL path [/**] onto handler of type [class org.springframework.web.servlet.resource.ResourceHttpRequestHandler]
2019-12-22 14:24:41.632  INFO 10384 --- [restartedMain] .m.m.a.ExceptionHandlerExceptionResolver : Detected @ExceptionHandler methods in customizeExceptionHandler
2019-12-22 14:24:41.955  INFO 10384 --- [restartedMain] o.s.b.a.w.s.WelcomePageHandlerMapping    : Adding welcome page template: index
2019-12-22 14:24:44.507  INFO 10384 --- [restartedMain] o.s.b.d.a.OptionalLiveReloadServer       : LiveReload server is running on port 35729
2019-12-22 14:24:44.567  INFO 10384 --- [restartedMain] o.s.j.e.a.AnnotationMBeanExporter        : Registering beans for JMX exposure on startup
2019-12-22 14:24:44.571  INFO 10384 --- [restartedMain] o.s.j.e.a.AnnotationMBeanExporter        : Bean with name 'dataSource' has been autodetected for JMX exposure
2019-12-22 14:24:44.586  INFO 10384 --- [restartedMain] o.s.j.e.a.AnnotationMBeanExporter        : Located MBean 'dataSource': registering with JMX server as MBean [com.zaxxer.hikari:name=dataSource,type=HikariDataSource]
2019-12-22 14:24:44.661  INFO 10384 --- [restartedMain] o.s.b.w.embedded.tomcat.TomcatWebServer  : Tomcat started on port(s): 8080 (http) with context path ''
2019-12-22 14:24:44.674  INFO 10384 --- [restartedMain] cn.edu.tit.forum.ForumApplication        : Started ForumApplication in 11.918 seconds (JVM running for 15.057)
2019-12-22 14:24:51.109  INFO 10384 --- [http-nio-8080-exec-2] o.a.c.c.C.[Tomcat].[localhost].[/]       : Initializing Spring FrameworkServlet 'dispatcherServlet'
2019-12-22 14:24:51.110  INFO 10384 --- [http-nio-8080-exec-2] o.s.web.servlet.DispatcherServlet        : FrameworkServlet 'dispatcherServlet': initialization started
2019-12-22 14:24:51.156  INFO 10384 --- [http-nio-8080-exec-2] o.s.web.servlet.DispatcherServlet        : FrameworkServlet 'dispatcherServlet': initialization completed in 46 ms
2019-12-22 14:24:51.251  INFO 10384 --- [http-nio-8080-exec-2] com.zaxxer.hikari.HikariDataSource       : HikariPool-1 - Starting...
2019-12-22 14:24:51.526  INFO 10384 --- [http-nio-8080-exec-2] com.zaxxer.hikari.HikariDataSource       : HikariPool-1 - Start completed.
2019-12-22 14:24:51.537 DEBUG 10384 --- [http-nio-8080-exec-2] c.e.t.f.m.Q.countBySearch                : ==>  Preparing: select count(*) from question 
2019-12-22 14:24:51.564 DEBUG 10384 --- [http-nio-8080-exec-2] c.e.t.f.m.Q.countBySearch                : ==> Parameters: 
2019-12-22 14:24:51.586 DEBUG 10384 --- [http-nio-8080-exec-2] c.e.t.f.m.Q.countBySearch                : <==      Total: 1
2019-12-22 14:24:51.591 DEBUG 10384 --- [http-nio-8080-exec-2] c.e.t.f.m.Q.selectBySearch               : ==>  Preparing: select * from question order by gmt_create desc limit ?, ? 
2019-12-22 14:24:51.591 DEBUG 10384 --- [http-nio-8080-exec-2] c.e.t.f.m.Q.selectBySearch               : ==> Parameters: 0(Integer), 10(Integer)
2019-12-22 14:24:51.600 DEBUG 10384 --- [http-nio-8080-exec-2] c.e.t.f.m.Q.selectBySearch               : <==      Total: 10
2019-12-22 14:24:51.601 DEBUG 10384 --- [http-nio-8080-exec-2] c.e.t.f.m.UserMapper.selectByPrimaryKey  : ==>  Preparing: select id, account_id, name, token, gmt_create, gmt_modified, bio, avatar_url from user where id = ? 
2019-12-22 14:24:51.602 DEBUG 10384 --- [http-nio-8080-exec-2] c.e.t.f.m.UserMapper.selectByPrimaryKey  : ==> Parameters: 16(Long)
2019-12-22 14:24:51.604 DEBUG 10384 --- [http-nio-8080-exec-2] c.e.t.f.m.UserMapper.selectByPrimaryKey  : <==      Total: 1
2019-12-22 14:24:51.612 DEBUG 10384 --- [http-nio-8080-exec-2] c.e.t.f.m.UserMapper.selectByPrimaryKey  : ==>  Preparing: select id, account_id, name, token, gmt_create, gmt_modified, bio, avatar_url from user where id = ? 
2019-12-22 14:24:51.612 DEBUG 10384 --- [http-nio-8080-exec-2] c.e.t.f.m.UserMapper.selectByPrimaryKey  : ==> Parameters: 16(Long)
2019-12-22 14:24:51.614 DEBUG 10384 --- [http-nio-8080-exec-2] c.e.t.f.m.UserMapper.selectByPrimaryKey  : <==      Total: 1
2019-12-22 14:24:51.615 DEBUG 10384 --- [http-nio-8080-exec-2] c.e.t.f.m.UserMapper.selectByPrimaryKey  : ==>  Preparing: select id, account_id, name, token, gmt_create, gmt_modified, bio, avatar_url from user where id = ? 
2019-12-22 14:24:51.616 DEBUG 10384 --- [http-nio-8080-exec-2] c.e.t.f.m.UserMapper.selectByPrimaryKey  : ==> Parameters: 16(Long)
2019-12-22 14:24:51.617 DEBUG 10384 --- [http-nio-8080-exec-2] c.e.t.f.m.UserMapper.selectByPrimaryKey  : <==      Total: 1
2019-12-22 14:24:51.618 DEBUG 10384 --- [http-nio-8080-exec-2] c.e.t.f.m.UserMapper.selectByPrimaryKey  : ==>  Preparing: select id, account_id, name, token, gmt_create, gmt_modified, bio, avatar_url from user where id = ? 
2019-12-22 14:24:51.619 DEBUG 10384 --- [http-nio-8080-exec-2] c.e.t.f.m.UserMapper.selectByPrimaryKey  : ==> Parameters: 16(Long)
2019-12-22 14:24:51.621 DEBUG 10384 --- [http-nio-8080-exec-2] c.e.t.f.m.UserMapper.selectByPrimaryKey  : <==      Total: 1
2019-12-22 14:24:51.622 DEBUG 10384 --- [http-nio-8080-exec-2] c.e.t.f.m.UserMapper.selectByPrimaryKey  : ==>  Preparing: select id, account_id, name, token, gmt_create, gmt_modified, bio, avatar_url from user where id = ? 
2019-12-22 14:24:51.623 DEBUG 10384 --- [http-nio-8080-exec-2] c.e.t.f.m.UserMapper.selectByPrimaryKey  : ==> Parameters: 16(Long)
2019-12-22 14:24:51.625 DEBUG 10384 --- [http-nio-8080-exec-2] c.e.t.f.m.UserMapper.selectByPrimaryKey  : <==      Total: 1
2019-12-22 14:24:51.626 DEBUG 10384 --- [http-nio-8080-exec-2] c.e.t.f.m.UserMapper.selectByPrimaryKey  : ==>  Preparing: select id, account_id, name, token, gmt_create, gmt_modified, bio, avatar_url from user where id = ? 
2019-12-22 14:24:51.627 DEBUG 10384 --- [http-nio-8080-exec-2] c.e.t.f.m.UserMapper.selectByPrimaryKey  : ==> Parameters: 17(Long)
2019-12-22 14:24:51.628 DEBUG 10384 --- [http-nio-8080-exec-2] c.e.t.f.m.UserMapper.selectByPrimaryKey  : <==      Total: 1
2019-12-22 14:24:51.629 DEBUG 10384 --- [http-nio-8080-exec-2] c.e.t.f.m.UserMapper.selectByPrimaryKey  : ==>  Preparing: select id, account_id, name, token, gmt_create, gmt_modified, bio, avatar_url from user where id = ? 
2019-12-22 14:24:51.629 DEBUG 10384 --- [http-nio-8080-exec-2] c.e.t.f.m.UserMapper.selectByPrimaryKey  : ==> Parameters: 16(Long)
2019-12-22 14:24:51.631 DEBUG 10384 --- [http-nio-8080-exec-2] c.e.t.f.m.UserMapper.selectByPrimaryKey  : <==      Total: 1
2019-12-22 14:24:51.632 DEBUG 10384 --- [http-nio-8080-exec-2] c.e.t.f.m.UserMapper.selectByPrimaryKey  : ==>  Preparing: select id, account_id, name, token, gmt_create, gmt_modified, bio, avatar_url from user where id = ? 
2019-12-22 14:24:51.633 DEBUG 10384 --- [http-nio-8080-exec-2] c.e.t.f.m.UserMapper.selectByPrimaryKey  : ==> Parameters: 16(Long)
2019-12-22 14:24:51.635 DEBUG 10384 --- [http-nio-8080-exec-2] c.e.t.f.m.UserMapper.selectByPrimaryKey  : <==      Total: 1
2019-12-22 14:24:51.637 DEBUG 10384 --- [http-nio-8080-exec-2] c.e.t.f.m.UserMapper.selectByPrimaryKey  : ==>  Preparing: select id, account_id, name, token, gmt_create, gmt_modified, bio, avatar_url from user where id = ? 
2019-12-22 14:24:51.637 DEBUG 10384 --- [http-nio-8080-exec-2] c.e.t.f.m.UserMapper.selectByPrimaryKey  : ==> Parameters: 16(Long)
2019-12-22 14:24:51.640 DEBUG 10384 --- [http-nio-8080-exec-2] c.e.t.f.m.UserMapper.selectByPrimaryKey  : <==      Total: 1
2019-12-22 14:24:51.641 DEBUG 10384 --- [http-nio-8080-exec-2] c.e.t.f.m.UserMapper.selectByPrimaryKey  : ==>  Preparing: select id, account_id, name, token, gmt_create, gmt_modified, bio, avatar_url from user where id = ? 
2019-12-22 14:24:51.641 DEBUG 10384 --- [http-nio-8080-exec-2] c.e.t.f.m.UserMapper.selectByPrimaryKey  : ==> Parameters: 16(Long)
2019-12-22 14:24:51.643 DEBUG 10384 --- [http-nio-8080-exec-2] c.e.t.f.m.UserMapper.selectByPrimaryKey  : <==      Total: 1
2019-12-22 14:29:47.811  INFO 2904 --- [restartedMain] cn.edu.tit.forum.ForumApplication        : Starting ForumApplication on DESKTOP-3QUHG5I with PID 2904 (C:\IDEAWorkspace\forum\target\classes started by 李创博 in C:\IDEAWorkspace\forum)
2019-12-22 14:29:47.815  INFO 2904 --- [restartedMain] cn.edu.tit.forum.ForumApplication        : No active profile set, falling back to default profiles: default
2019-12-22 14:29:47.962  INFO 2904 --- [restartedMain] ConfigServletWebServerApplicationContext : Refreshing org.springframework.boot.web.servlet.context.AnnotationConfigServletWebServerApplicationContext@290df562: startup date [Sun Dec 22 14:29:47 AWST 2019]; root of context hierarchy
2019-12-22 14:29:52.004  INFO 2904 --- [restartedMain] o.s.b.w.embedded.tomcat.TomcatWebServer  : Tomcat initialized with port(s): 8080 (http)
2019-12-22 14:29:52.051  INFO 2904 --- [restartedMain] o.apache.catalina.core.StandardService   : Starting service [Tomcat]
2019-12-22 14:29:52.051  INFO 2904 --- [restartedMain] org.apache.catalina.core.StandardEngine  : Starting Servlet Engine: Apache Tomcat/8.5.29
2019-12-22 14:29:52.059  INFO 2904 --- [localhost-startStop-1] o.a.catalina.core.AprLifecycleListener   : The APR based Apache Tomcat Native library which allows optimal performance in production environments was not found on the java.library.path: [C:\Program Files\Java\jdk-9.0.4\bin;C:\WINDOWS\Sun\Java\bin;C:\WINDOWS\system32;C:\WINDOWS;C:\ProgramData\Oracle\Java\javapath;C:\Program Files (x86)\Common Files\Oracle\Java\javapath;C:\Program Files (x86)\NetSarang\Xftp 6\;C:\Program Files (x86)\NetSarang\Xshell 6\;C:\app\soft\product\11.2.0\dbhome_1\bin;C:\app\李创博\product\11.2.0\dbhome_3\bin;app\李创博\product\11.2.0\dbhome_1\bin;ProgramData\Oracle\Java\javapath;C:\Program Files (x86)\Intel\Intel(R) Management Engine Components\iCLS\;C:\Program Files\Intel\Intel(R) Management Engine Components\iCLS\;C:\windows\system32;C:\windows;C:\windows\System32\Wbem;C:\windows\System32\WindowsPowerShell\v1.0\;C:\Program Files (x86)\NVIDIA Corporation\PhysX\Common;C:\Program Files\Java\jdk-9.0.4\bin;C:\WINDOWS\system32;C:\WINDOWS;C:\WINDOWS\System32\Wbem;C:\WINDOWS\System32\WindowsPowerShell\v1.0\;C:\WINDOWS\System32\OpenSSH\;C:\Program Files\Common Files\Autodesk Shared\;C:\Program Files (x86)\Autodesk\Backburner\;C:\Program Files (x86)\Intel\Intel(R) Management Engine Components\DAL;C:\Program Files\Intel\Intel(R) Management Engine Components\DAL;C:\Program Files (x86)\Intel\Intel(R) Management Engine Components\IPT;C:\Program Files\Intel\Intel(R) Management Engine Components\IPT;rogram Files\MySQL\MySQL Utilities 1.6\;VEN_HOME%\bin;Program Files (x86)\GtkSharp\2.12\bin;C:\Program Files\dotnet\;C:\Program Files\Git\cmd;C:\Users\李创博\AppData\Local\Pandoc;C:\Program Files\Intel\WiFi\bin\;C:\Program Files\Common Files\Intel\WirelessCommon\;C:\Program Files\nodejs\;C:\Program Files\nodejs\node_global;C:\soft\apache-maven-3.5.2\bin;C:\Program Files\Java\jdk1.8.0_221\bin;C:\soft\python3.7\Scripts\;C:\soft\python3.7\;C:\Users\李创博\AppData\Local\Microsoft\WindowsApps;C:\Program Files\Java\jdk1.8.0_144\bin;C:\Program Files\Java\jdk-9.0.4\bin;C:\Users\李创博\maven\apache-maven-3.6.0-bin\apache-maven-3.6.0\bin;C:\Program Files\JetBrains\PyCharm Community Edition 2018.3.5\bin;;;C:\soft\Fidder\Fiddler;C:\Program Files\JetBrains\PyCharm 2019.1.1\bin;;C:\Users\李创博\AppData\Local\Pandoc\;C:\soft\Microsoft VS Code\bin;C:\Users\李创博\AppData\Roaming\npm;.]
2019-12-22 14:29:52.364  INFO 2904 --- [localhost-startStop-1] o.a.c.c.C.[Tomcat].[localhost].[/]       : Initializing Spring embedded WebApplicationContext
2019-12-22 14:29:52.366  INFO 2904 --- [localhost-startStop-1] o.s.web.context.ContextLoader            : Root WebApplicationContext: initialization completed in 4404 ms
2019-12-22 14:29:52.719  INFO 2904 --- [localhost-startStop-1] o.s.b.w.servlet.ServletRegistrationBean  : Servlet dispatcherServlet mapped to [/]
2019-12-22 14:29:52.733  INFO 2904 --- [localhost-startStop-1] o.s.b.w.servlet.FilterRegistrationBean   : Mapping filter: 'characterEncodingFilter' to: [/*]
2019-12-22 14:29:52.734  INFO 2904 --- [localhost-startStop-1] o.s.b.w.servlet.FilterRegistrationBean   : Mapping filter: 'hiddenHttpMethodFilter' to: [/*]
2019-12-22 14:29:52.735  INFO 2904 --- [localhost-startStop-1] o.s.b.w.servlet.FilterRegistrationBean   : Mapping filter: 'httpPutFormContentFilter' to: [/*]
2019-12-22 14:29:52.735  INFO 2904 --- [localhost-startStop-1] o.s.b.w.servlet.FilterRegistrationBean   : Mapping filter: 'requestContextFilter' to: [/*]
2019-12-22 14:29:53.804  INFO 2904 --- [restartedMain] o.s.w.s.handler.SimpleUrlHandlerMapping  : Mapped URL path [/**/favicon.ico] onto handler of type [class org.springframework.web.servlet.resource.ResourceHttpRequestHandler]
2019-12-22 14:29:54.055  INFO 2904 --- [restartedMain] s.w.s.m.m.a.RequestMappingHandlerAdapter : Looking for @ControllerAdvice: org.springframework.boot.web.servlet.context.AnnotationConfigServletWebServerApplicationContext@290df562: startup date [Sun Dec 22 14:29:47 AWST 2019]; root of context hierarchy
2019-12-22 14:29:54.129  INFO 2904 --- [restartedMain] s.w.s.m.m.a.RequestMappingHandlerMapping : Mapped "{[/callback],methods=[GET]}" onto public java.lang.String cn.edu.tit.forum.controller.AuthorizeController.callback(java.lang.String,java.lang.String,javax.servlet.http.HttpServletResponse)
2019-12-22 14:29:54.130  INFO 2904 --- [restartedMain] s.w.s.m.m.a.RequestMappingHandlerMapping : Mapped "{[/logout],methods=[GET]}" onto public java.lang.String cn.edu.tit.forum.controller.AuthorizeController.logout(javax.servlet.http.HttpServletRequest,javax.servlet.http.HttpServletResponse)
2019-12-22 14:29:54.131  INFO 2904 --- [restartedMain] s.w.s.m.m.a.RequestMappingHandlerMapping : Mapped "{[/comment/{id}],methods=[GET]}" onto public cn.edu.tit.forum.dto.ResultDTO cn.edu.tit.forum.controller.CommentController.comments(java.lang.Long)
2019-12-22 14:29:54.132  INFO 2904 --- [restartedMain] s.w.s.m.m.a.RequestMappingHandlerMapping : Mapped "{[/comment],methods=[POST]}" onto public java.lang.Object cn.edu.tit.forum.controller.CommentController.post(cn.edu.tit.forum.dto.CommentCreateDTO,javax.servlet.http.HttpServletRequest)
2019-12-22 14:29:54.133  INFO 2904 --- [restartedMain] s.w.s.m.m.a.RequestMappingHandlerMapping : Mapped "{[/error],produces=[text/html]}" onto public org.springframework.web.servlet.ModelAndView cn.edu.tit.forum.controller.CustomizeErrorController.errorHtml(javax.servlet.http.HttpServletRequest,org.springframework.ui.Model)
2019-12-22 14:29:54.134  INFO 2904 --- [restartedMain] s.w.s.m.m.a.RequestMappingHandlerMapping : Mapped "{[/file/upload]}" onto public cn.edu.tit.forum.dto.FileDTO cn.edu.tit.forum.controller.FileController.upload(javax.servlet.http.HttpServletRequest)
2019-12-22 14:29:54.134  INFO 2904 --- [restartedMain] s.w.s.m.m.a.RequestMappingHandlerMapping : Mapped "{[/],methods=[GET]}" onto public java.lang.String cn.edu.tit.forum.controller.IndexController.index(org.springframework.ui.Model,java.lang.Integer,java.lang.Integer,java.lang.String)
2019-12-22 14:29:54.135  INFO 2904 --- [restartedMain] s.w.s.m.m.a.RequestMappingHandlerMapping : Mapped "{[/notify/{id}],methods=[GET]}" onto public java.lang.String cn.edu.tit.forum.controller.NotifyController.notify(javax.servlet.http.HttpServletRequest,java.lang.Long)
2019-12-22 14:29:54.136  INFO 2904 --- [restartedMain] s.w.s.m.m.a.RequestMappingHandlerMapping : Mapped "{[/profile/{action}],methods=[GET]}" onto public java.lang.String cn.edu.tit.forum.controller.ProfileController.profile(java.lang.String,org.springframework.ui.Model,javax.servlet.http.HttpServletRequest,java.lang.Integer,java.lang.Integer)
2019-12-22 14:29:54.138  INFO 2904 --- [restartedMain] s.w.s.m.m.a.RequestMappingHandlerMapping : Mapped "{[/publish],methods=[GET]}" onto public java.lang.String cn.edu.tit.forum.controller.PublishController.publish(org.springframework.ui.Model)
2019-12-22 14:29:54.139  INFO 2904 --- [restartedMain] s.w.s.m.m.a.RequestMappingHandlerMapping : Mapped "{[/publish],methods=[POST]}" onto public java.lang.String cn.edu.tit.forum.controller.PublishController.doPublish(java.lang.String,java.lang.String,java.lang.String,java.lang.Long,javax.servlet.http.HttpServletRequest,org.springframework.ui.Model)
2019-12-22 14:29:54.139  INFO 2904 --- [restartedMain] s.w.s.m.m.a.RequestMappingHandlerMapping : Mapped "{[/publish/{id}],methods=[GET]}" onto public java.lang.String cn.edu.tit.forum.controller.PublishController.edit(java.lang.Long,org.springframework.ui.Model)
2019-12-22 14:29:54.139  INFO 2904 --- [restartedMain] s.w.s.m.m.a.RequestMappingHandlerMapping : Mapped "{[/question/{id}],methods=[GET]}" onto public java.lang.String cn.edu.tit.forum.controller.QuestionController.question(java.lang.Long,org.springframework.ui.Model)
2019-12-22 14:29:54.183  INFO 2904 --- [restartedMain] o.s.w.s.h.BeanNameUrlHandlerMapping      : Mapped URL path [/error] onto handler '/error'
2019-12-22 14:29:54.191  INFO 2904 --- [restartedMain] o.s.w.s.handler.SimpleUrlHandlerMapping  : Mapped URL path [/webjars/**] onto handler of type [class org.springframework.web.servlet.resource.ResourceHttpRequestHandler]
2019-12-22 14:29:54.191  INFO 2904 --- [restartedMain] o.s.w.s.handler.SimpleUrlHandlerMapping  : Mapped URL path [/**] onto handler of type [class org.springframework.web.servlet.resource.ResourceHttpRequestHandler]
2019-12-22 14:29:54.213  INFO 2904 --- [restartedMain] .m.m.a.ExceptionHandlerExceptionResolver : Detected @ExceptionHandler methods in customizeExceptionHandler
2019-12-22 14:29:54.385  INFO 2904 --- [restartedMain] o.s.b.a.w.s.WelcomePageHandlerMapping    : Adding welcome page template: index
2019-12-22 14:29:55.480  INFO 2904 --- [restartedMain] o.s.b.d.a.OptionalLiveReloadServer       : LiveReload server is running on port 35729
2019-12-22 14:29:55.518  INFO 2904 --- [restartedMain] o.s.j.e.a.AnnotationMBeanExporter        : Registering beans for JMX exposure on startup
2019-12-22 14:29:55.520  INFO 2904 --- [restartedMain] o.s.j.e.a.AnnotationMBeanExporter        : Bean with name 'dataSource' has been autodetected for JMX exposure
2019-12-22 14:29:55.530  INFO 2904 --- [restartedMain] o.s.j.e.a.AnnotationMBeanExporter        : Located MBean 'dataSource': registering with JMX server as MBean [com.zaxxer.hikari:name=dataSource,type=HikariDataSource]
2019-12-22 14:29:55.583  INFO 2904 --- [restartedMain] o.s.b.w.embedded.tomcat.TomcatWebServer  : Tomcat started on port(s): 8080 (http) with context path ''
2019-12-22 14:29:55.590  INFO 2904 --- [restartedMain] cn.edu.tit.forum.ForumApplication        : Started ForumApplication in 8.645 seconds (JVM running for 11.235)
2019-12-22 14:30:05.733  INFO 2904 --- [http-nio-8080-exec-1] o.a.c.c.C.[Tomcat].[localhost].[/]       : Initializing Spring FrameworkServlet 'dispatcherServlet'
2019-12-22 14:30:05.734  INFO 2904 --- [http-nio-8080-exec-1] o.s.web.servlet.DispatcherServlet        : FrameworkServlet 'dispatcherServlet': initialization started
2019-12-22 14:30:05.794  INFO 2904 --- [http-nio-8080-exec-1] o.s.web.servlet.DispatcherServlet        : FrameworkServlet 'dispatcherServlet': initialization completed in 59 ms
2019-12-22 14:30:05.946  INFO 2904 --- [http-nio-8080-exec-1] com.zaxxer.hikari.HikariDataSource       : HikariPool-1 - Starting...
2019-12-22 14:30:06.296  INFO 2904 --- [http-nio-8080-exec-1] com.zaxxer.hikari.HikariDataSource       : HikariPool-1 - Start completed.
2019-12-22 14:30:06.315 DEBUG 2904 --- [http-nio-8080-exec-1] c.e.t.f.m.Q.countBySearch                : ==>  Preparing: select count(*) from question 
2019-12-22 14:30:06.344 DEBUG 2904 --- [http-nio-8080-exec-1] c.e.t.f.m.Q.countBySearch                : ==> Parameters: 
2019-12-22 14:30:06.372 DEBUG 2904 --- [http-nio-8080-exec-1] c.e.t.f.m.Q.countBySearch                : <==      Total: 1
2019-12-22 14:30:06.377 DEBUG 2904 --- [http-nio-8080-exec-1] c.e.t.f.m.Q.selectBySearch               : ==>  Preparing: select * from question order by gmt_create desc limit ?, ? 
2019-12-22 14:30:06.378 DEBUG 2904 --- [http-nio-8080-exec-1] c.e.t.f.m.Q.selectBySearch               : ==> Parameters: 0(Integer), 10(Integer)
2019-12-22 14:30:06.391 DEBUG 2904 --- [http-nio-8080-exec-1] c.e.t.f.m.Q.selectBySearch               : <==      Total: 10
2019-12-22 14:30:06.392 DEBUG 2904 --- [http-nio-8080-exec-1] c.e.t.f.m.UserMapper.selectByPrimaryKey  : ==>  Preparing: select id, account_id, name, token, gmt_create, gmt_modified, bio, avatar_url from user where id = ? 
2019-12-22 14:30:06.393 DEBUG 2904 --- [http-nio-8080-exec-1] c.e.t.f.m.UserMapper.selectByPrimaryKey  : ==> Parameters: 16(Long)
2019-12-22 14:30:06.398 DEBUG 2904 --- [http-nio-8080-exec-1] c.e.t.f.m.UserMapper.selectByPrimaryKey  : <==      Total: 1
2019-12-22 14:30:06.412 DEBUG 2904 --- [http-nio-8080-exec-1] c.e.t.f.m.UserMapper.selectByPrimaryKey  : ==>  Preparing: select id, account_id, name, token, gmt_create, gmt_modified, bio, avatar_url from user where id = ? 
2019-12-22 14:30:06.413 DEBUG 2904 --- [http-nio-8080-exec-1] c.e.t.f.m.UserMapper.selectByPrimaryKey  : ==> Parameters: 16(Long)
2019-12-22 14:30:06.417 DEBUG 2904 --- [http-nio-8080-exec-1] c.e.t.f.m.UserMapper.selectByPrimaryKey  : <==      Total: 1
2019-12-22 14:30:06.418 DEBUG 2904 --- [http-nio-8080-exec-1] c.e.t.f.m.UserMapper.selectByPrimaryKey  : ==>  Preparing: select id, account_id, name, token, gmt_create, gmt_modified, bio, avatar_url from user where id = ? 
2019-12-22 14:30:06.419 DEBUG 2904 --- [http-nio-8080-exec-1] c.e.t.f.m.UserMapper.selectByPrimaryKey  : ==> Parameters: 16(Long)
2019-12-22 14:30:06.422 DEBUG 2904 --- [http-nio-8080-exec-1] c.e.t.f.m.UserMapper.selectByPrimaryKey  : <==      Total: 1
2019-12-22 14:30:06.423 DEBUG 2904 --- [http-nio-8080-exec-1] c.e.t.f.m.UserMapper.selectByPrimaryKey  : ==>  Preparing: select id, account_id, name, token, gmt_create, gmt_modified, bio, avatar_url from user where id = ? 
2019-12-22 14:30:06.424 DEBUG 2904 --- [http-nio-8080-exec-1] c.e.t.f.m.UserMapper.selectByPrimaryKey  : ==> Parameters: 16(Long)
2019-12-22 14:30:06.428 DEBUG 2904 --- [http-nio-8080-exec-1] c.e.t.f.m.UserMapper.selectByPrimaryKey  : <==      Total: 1
2019-12-22 14:30:06.429 DEBUG 2904 --- [http-nio-8080-exec-1] c.e.t.f.m.UserMapper.selectByPrimaryKey  : ==>  Preparing: select id, account_id, name, token, gmt_create, gmt_modified, bio, avatar_url from user where id = ? 
2019-12-22 14:30:06.431 DEBUG 2904 --- [http-nio-8080-exec-1] c.e.t.f.m.UserMapper.selectByPrimaryKey  : ==> Parameters: 16(Long)
2019-12-22 14:30:06.433 DEBUG 2904 --- [http-nio-8080-exec-1] c.e.t.f.m.UserMapper.selectByPrimaryKey  : <==      Total: 1
2019-12-22 14:30:06.435 DEBUG 2904 --- [http-nio-8080-exec-1] c.e.t.f.m.UserMapper.selectByPrimaryKey  : ==>  Preparing: select id, account_id, name, token, gmt_create, gmt_modified, bio, avatar_url from user where id = ? 
2019-12-22 14:30:06.436 DEBUG 2904 --- [http-nio-8080-exec-1] c.e.t.f.m.UserMapper.selectByPrimaryKey  : ==> Parameters: 17(Long)
2019-12-22 14:30:06.439 DEBUG 2904 --- [http-nio-8080-exec-1] c.e.t.f.m.UserMapper.selectByPrimaryKey  : <==      Total: 1
2019-12-22 14:30:06.440 DEBUG 2904 --- [http-nio-8080-exec-1] c.e.t.f.m.UserMapper.selectByPrimaryKey  : ==>  Preparing: select id, account_id, name, token, gmt_create, gmt_modified, bio, avatar_url from user where id = ? 
2019-12-22 14:30:06.441 DEBUG 2904 --- [http-nio-8080-exec-1] c.e.t.f.m.UserMapper.selectByPrimaryKey  : ==> Parameters: 16(Long)
2019-12-22 14:30:06.444 DEBUG 2904 --- [http-nio-8080-exec-1] c.e.t.f.m.UserMapper.selectByPrimaryKey  : <==      Total: 1
2019-12-22 14:30:06.445 DEBUG 2904 --- [http-nio-8080-exec-1] c.e.t.f.m.UserMapper.selectByPrimaryKey  : ==>  Preparing: select id, account_id, name, token, gmt_create, gmt_modified, bio, avatar_url from user where id = ? 
2019-12-22 14:30:06.446 DEBUG 2904 --- [http-nio-8080-exec-1] c.e.t.f.m.UserMapper.selectByPrimaryKey  : ==> Parameters: 16(Long)
2019-12-22 14:30:06.448 DEBUG 2904 --- [http-nio-8080-exec-1] c.e.t.f.m.UserMapper.selectByPrimaryKey  : <==      Total: 1
2019-12-22 14:30:06.449 DEBUG 2904 --- [http-nio-8080-exec-1] c.e.t.f.m.UserMapper.selectByPrimaryKey  : ==>  Preparing: select id, account_id, name, token, gmt_create, gmt_modified, bio, avatar_url from user where id = ? 
2019-12-22 14:30:06.450 DEBUG 2904 --- [http-nio-8080-exec-1] c.e.t.f.m.UserMapper.selectByPrimaryKey  : ==> Parameters: 16(Long)
2019-12-22 14:30:06.451 DEBUG 2904 --- [http-nio-8080-exec-1] c.e.t.f.m.UserMapper.selectByPrimaryKey  : <==      Total: 1
2019-12-22 14:30:06.452 DEBUG 2904 --- [http-nio-8080-exec-1] c.e.t.f.m.UserMapper.selectByPrimaryKey  : ==>  Preparing: select id, account_id, name, token, gmt_create, gmt_modified, bio, avatar_url from user where id = ? 
2019-12-22 14:30:06.453 DEBUG 2904 --- [http-nio-8080-exec-1] c.e.t.f.m.UserMapper.selectByPrimaryKey  : ==> Parameters: 16(Long)
2019-12-22 14:30:06.455 DEBUG 2904 --- [http-nio-8080-exec-1] c.e.t.f.m.UserMapper.selectByPrimaryKey  : <==      Total: 1
